<?xml version="1.0" encoding="UTF-8"?>
<testsuite xmlns:xsi="http://www.w3.org/2001/XMLSchema-instance" xsi:noNamespaceSchemaLocation="https://maven.apache.org/surefire/maven-surefire-plugin/xsd/surefire-test-report.xsd" name="com.fangzhi.ApplicationTests" time="8.455" tests="1" errors="1" skipped="0" failures="0">
  <properties>
[...]
</properties>
  <testcase name="test" classname="com.fangzhi.ApplicationTests" time="0.001">
    <error message="Failed to load ApplicationContext" type="java.lang.IllegalStateException">java.lang.IllegalStateException: Failed to load ApplicationContext
Caused by: org.springframework.beans.factory.UnsatisfiedDependencyException: Error creating bean with name 'fzFileController': Unsatisfied dependency expressed through field 'fileRepository'; nested exception is org.springframework.beans.factory.BeanCreationException: Error creating bean with name 'fzFileRepository': Invocation of init method failed; nested exception is java.lang.IllegalArgumentException: Failed to create query for method public abstract com.fangzhi.domain.FzFile com.fangzhi.repository.FzFileRepository.findById(java.lang.Long)! No property id found for type FzFile!
Caused by: org.springframework.beans.factory.BeanCreationException: Error creating bean with name 'fzFileRepository': Invocation of init method failed; nested exception is java.lang.IllegalArgumentException: Failed to create query for method public abstract com.fangzhi.domain.FzFile com.fangzhi.repository.FzFileRepository.findById(java.lang.Long)! No property id found for type FzFile!
Caused by: java.lang.IllegalArgumentException: Failed to create query for method public abstract com.fangzhi.domain.FzFile com.fangzhi.repository.FzFileRepository.findById(java.lang.Long)! No property id found for type FzFile!
Caused by: org.springframework.data.mapping.PropertyReferenceException: No property id found for type FzFile!
</error>
    <system-out><![CDATA[10:04:30.438 [main] DEBUG org.springframework.test.context.junit4.SpringJUnit4ClassRunner - SpringJUnit4ClassRunner constructor called with [class com.fangzhi.ApplicationTests]
10:04:30.446 [main] DEBUG org.springframework.test.context.BootstrapUtils - Instantiating CacheAwareContextLoaderDelegate from class [org.springframework.test.context.cache.DefaultCacheAwareContextLoaderDelegate]
10:04:30.457 [main] DEBUG org.springframework.test.context.BootstrapUtils - Instantiating BootstrapContext using constructor [public org.springframework.test.context.support.DefaultBootstrapContext(java.lang.Class,org.springframework.test.context.CacheAwareContextLoaderDelegate)]
10:04:30.473 [main] DEBUG org.springframework.test.context.BootstrapUtils - Instantiating TestContextBootstrapper for test class [com.fangzhi.ApplicationTests] from class [org.springframework.boot.test.context.SpringBootTestContextBootstrapper]
10:04:30.495 [main] INFO org.springframework.boot.test.context.SpringBootTestContextBootstrapper - Neither @ContextConfiguration nor @ContextHierarchy found for test class [com.fangzhi.ApplicationTests], using SpringBootContextLoader
10:04:30.501 [main] DEBUG org.springframework.test.context.support.AbstractContextLoader - Did not detect default resource location for test class [com.fangzhi.ApplicationTests]: class path resource [com/fangzhi/ApplicationTests-context.xml] does not exist
10:04:30.502 [main] DEBUG org.springframework.test.context.support.AbstractContextLoader - Did not detect default resource location for test class [com.fangzhi.ApplicationTests]: class path resource [com/fangzhi/ApplicationTestsContext.groovy] does not exist
10:04:30.502 [main] INFO org.springframework.test.context.support.AbstractContextLoader - Could not detect default resource locations for test class [com.fangzhi.ApplicationTests]: no resource found for suffixes {-context.xml, Context.groovy}.
10:04:30.548 [main] DEBUG org.springframework.test.context.support.ActiveProfilesUtils - Could not find an 'annotation declaring class' for annotation type [org.springframework.test.context.ActiveProfiles] and class [com.fangzhi.ApplicationTests]
10:04:30.688 [main] DEBUG org.springframework.boot.test.context.SpringBootTestContextBootstrapper - @TestExecutionListeners is not present for class [com.fangzhi.ApplicationTests]: using defaults.
10:04:30.689 [main] INFO org.springframework.boot.test.context.SpringBootTestContextBootstrapper - Loaded default TestExecutionListener class names from location [META-INF/spring.factories]: [org.springframework.boot.test.mock.mockito.MockitoTestExecutionListener, org.springframework.boot.test.mock.mockito.ResetMocksTestExecutionListener, org.springframework.boot.test.autoconfigure.restdocs.RestDocsTestExecutionListener, org.springframework.boot.test.autoconfigure.web.client.MockRestServiceServerResetTestExecutionListener, org.springframework.boot.test.autoconfigure.web.servlet.MockMvcPrintOnlyOnFailureTestExecutionListener, org.springframework.boot.test.autoconfigure.web.servlet.WebDriverTestExecutionListener, org.springframework.test.context.web.ServletTestExecutionListener, org.springframework.test.context.support.DirtiesContextBeforeModesTestExecutionListener, org.springframework.test.context.support.DependencyInjectionTestExecutionListener, org.springframework.test.context.support.DirtiesContextTestExecutionListener, org.springframework.test.context.transaction.TransactionalTestExecutionListener, org.springframework.test.context.jdbc.SqlScriptsTestExecutionListener]
10:04:30.707 [main] INFO org.springframework.boot.test.context.SpringBootTestContextBootstrapper - Using TestExecutionListeners: [org.springframework.test.context.web.ServletTestExecutionListener@443118b0, org.springframework.test.context.support.DirtiesContextBeforeModesTestExecutionListener@765d7657, org.springframework.boot.test.mock.mockito.MockitoTestExecutionListener@74235045, org.springframework.boot.test.autoconfigure.SpringBootDependencyInjectionTestExecutionListener@618b19ad, org.springframework.test.context.support.DirtiesContextTestExecutionListener@2d3379b4, org.springframework.test.context.transaction.TransactionalTestExecutionListener@30c15d8b, org.springframework.test.context.jdbc.SqlScriptsTestExecutionListener@5e0e82ae, org.springframework.boot.test.mock.mockito.ResetMocksTestExecutionListener@6771beb3, org.springframework.boot.test.autoconfigure.restdocs.RestDocsTestExecutionListener@51399530, org.springframework.boot.test.autoconfigure.web.client.MockRestServiceServerResetTestExecutionListener@6b2ea799, org.springframework.boot.test.autoconfigure.web.servlet.MockMvcPrintOnlyOnFailureTestExecutionListener@411f53a0, org.springframework.boot.test.autoconfigure.web.servlet.WebDriverTestExecutionListener@2b71e916]
10:04:30.708 [main] DEBUG org.springframework.test.annotation.ProfileValueUtils - Retrieved @ProfileValueSourceConfiguration [null] for test class [com.fangzhi.ApplicationTests]
10:04:30.708 [main] DEBUG org.springframework.test.annotation.ProfileValueUtils - Retrieved ProfileValueSource type [class org.springframework.test.annotation.SystemProfileValueSource] for class [com.fangzhi.ApplicationTests]
10:04:30.708 [main] DEBUG org.springframework.test.annotation.ProfileValueUtils - Retrieved @ProfileValueSourceConfiguration [null] for test class [com.fangzhi.ApplicationTests]
10:04:30.708 [main] DEBUG org.springframework.test.annotation.ProfileValueUtils - Retrieved ProfileValueSource type [class org.springframework.test.annotation.SystemProfileValueSource] for class [com.fangzhi.ApplicationTests]
10:04:30.709 [main] DEBUG org.springframework.test.annotation.ProfileValueUtils - Retrieved @ProfileValueSourceConfiguration [null] for test class [com.fangzhi.ApplicationTests]
10:04:30.709 [main] DEBUG org.springframework.test.annotation.ProfileValueUtils - Retrieved ProfileValueSource type [class org.springframework.test.annotation.SystemProfileValueSource] for class [com.fangzhi.ApplicationTests]
10:04:30.711 [main] DEBUG org.springframework.test.context.support.AbstractDirtiesContextTestExecutionListener - Before test class: context [DefaultTestContext@6025e1b6 testClass = ApplicationTests, testInstance = [null], testMethod = [null], testException = [null], mergedContextConfiguration = [WebMergedContextConfiguration@22ff4249 testClass = ApplicationTests, locations = '{}', classes = '{class com.fangzhi.Application, class com.fangzhi.Application}', contextInitializerClasses = '[]', activeProfiles = '{}', propertySourceLocations = '{}', propertySourceProperties = '{org.springframework.boot.test.context.SpringBootTestContextBootstrapper=true, server.port=0}', contextCustomizers = set[org.springframework.boot.test.context.filter.ExcludeFilterContextCustomizer@5f71c76a, org.springframework.boot.test.json.DuplicateJsonObjectContextCustomizerFactory$DuplicateJsonObjectContextCustomizer@1e4a7dd4, org.springframework.boot.test.mock.mockito.MockitoContextCustomizer@0, org.springframework.boot.test.web.client.TestRestTemplateContextCustomizer@166fa74d, org.springframework.boot.test.autoconfigure.properties.PropertyMappingContextCustomizer@0, org.springframework.boot.test.autoconfigure.web.servlet.WebDriverContextCustomizerFactory$Customizer@69a10787], resourceBasePath = 'src/main/webapp', contextLoader = 'org.springframework.boot.test.context.SpringBootContextLoader', parent = [null]], attributes = map['org.springframework.test.context.web.ServletTestExecutionListener.activateListener' -> false]], class annotated with @DirtiesContext [false] with mode [null].
10:04:30.712 [main] DEBUG org.springframework.test.annotation.ProfileValueUtils - Retrieved @ProfileValueSourceConfiguration [null] for test class [com.fangzhi.ApplicationTests]
10:04:30.712 [main] DEBUG org.springframework.test.annotation.ProfileValueUtils - Retrieved ProfileValueSource type [class org.springframework.test.annotation.SystemProfileValueSource] for class [com.fangzhi.ApplicationTests]
10:04:30.715 [main] DEBUG org.springframework.test.context.support.DependencyInjectionTestExecutionListener - Performing dependency injection for test context [[DefaultTestContext@6025e1b6 testClass = ApplicationTests, testInstance = com.fangzhi.ApplicationTests@229f66ed, testMethod = [null], testException = [null], mergedContextConfiguration = [WebMergedContextConfiguration@22ff4249 testClass = ApplicationTests, locations = '{}', classes = '{class com.fangzhi.Application, class com.fangzhi.Application}', contextInitializerClasses = '[]', activeProfiles = '{}', propertySourceLocations = '{}', propertySourceProperties = '{org.springframework.boot.test.context.SpringBootTestContextBootstrapper=true, server.port=0}', contextCustomizers = set[org.springframework.boot.test.context.filter.ExcludeFilterContextCustomizer@5f71c76a, org.springframework.boot.test.json.DuplicateJsonObjectContextCustomizerFactory$DuplicateJsonObjectContextCustomizer@1e4a7dd4, org.springframework.boot.test.mock.mockito.MockitoContextCustomizer@0, org.springframework.boot.test.web.client.TestRestTemplateContextCustomizer@166fa74d, org.springframework.boot.test.autoconfigure.properties.PropertyMappingContextCustomizer@0, org.springframework.boot.test.autoconfigure.web.servlet.WebDriverContextCustomizerFactory$Customizer@69a10787], resourceBasePath = 'src/main/webapp', contextLoader = 'org.springframework.boot.test.context.SpringBootContextLoader', parent = [null]], attributes = map['org.springframework.test.context.web.ServletTestExecutionListener.activateListener' -> false]]].
10:04:30.741 [main] DEBUG org.springframework.core.env.StandardEnvironment - Adding PropertySource 'systemProperties' with lowest search precedence
10:04:30.741 [main] DEBUG org.springframework.core.env.StandardEnvironment - Adding PropertySource 'systemEnvironment' with lowest search precedence
10:04:30.742 [main] DEBUG org.springframework.core.env.StandardEnvironment - Initialized StandardEnvironment with PropertySources [MapPropertySource@197964393 {name='systemProperties', properties={java.runtime.name=Java(TM) SE Runtime Environment, sun.boot.library.path=C:\fangzhi\tools\Java\jdk1.8\jre\bin, java.vm.version=25.40-b25, java.vm.vendor=Oracle Corporation, java.vendor.url=http://java.oracle.com/, path.separator=;, java.vm.name=Java HotSpot(TM) 64-Bit Server VM, file.encoding.pkg=sun.io, user.country=CN, user.script=, sun.java.launcher=SUN_STANDARD, sun.os.patch.level=, java.vm.specification.name=Java Virtual Machine Specification, user.dir=c:\fangzhi\22-fangzhi\webserver, java.runtime.version=1.8.0_40-b26, basedir=c:\fangzhi\22-fangzhi\webserver, java.awt.graphicsenv=sun.awt.Win32GraphicsEnvironment, java.endorsed.dirs=C:\fangzhi\tools\Java\jdk1.8\jre\lib\endorsed, os.arch=amd64, surefire.real.class.path=C:\Users\EDZ\AppData\Local\Temp\surefire6155814227784800450\surefirebooter5326081387828943963.jar, java.io.tmpdir=C:\Users\EDZ\AppData\Local\Temp\, line.separator=
, java.vm.specification.vendor=Oracle Corporation, user.variant=, os.name=Windows 8.1, sun.jnu.encoding=GBK, java.library.path=C:\fangzhi\tools\Java\jdk1.8\jre\bin;C:\WINDOWS\Sun\Java\bin;C:\WINDOWS\system32;C:\WINDOWS;C:\ProgramData\Oracle\Java\javapath;C:\WINDOWS\system32;C:\WINDOWS;C:\WINDOWS\System32\Wbem;C:\WINDOWS\System32\WindowsPowerShell\v1.0\;C:\Program Files\Git\cmd;C:\fangzhi\tools\nodejs\;C:\Program Files\TortoiseSVN\bin;C:\Program Files\MySQL\MySQL Utilities 1.6\;%MAVEN_HOME%\bin;C:\Users\EDZ\AppData\Local\Microsoft\WindowsApps;C:\Program Files\Microsoft VS Code\bin;C:\Users\EDZ\AppData\Roaming\npm;C:\fangzhi\tools\maven\apache-maven-3.5.3\bin;C:\fangzhi\tools\Java\jdk1.8\bin;C:\fangzhi\tools\Java\jdk1.8\jre\bin;;., surefire.test.class.path=c:\fangzhi\22-fangzhi\webserver\target\test-classes;c:\fangzhi\22-fangzhi\webserver\target\classes;C:\fangzhi\tools\maven\repository\org\springframework\boot\spring-boot-starter\2.0.0.BUILD-SNAPSHOT\spring-boot-starter-2.0.0.BUILD-SNAPSHOT.jar;C:\fangzhi\tools\maven\repository\org\springframework\boot\spring-boot\2.0.0.BUILD-SNAPSHOT\spring-boot-2.0.0.BUILD-SNAPSHOT.jar;C:\fangzhi\tools\maven\repository\org\springframework\spring-context\5.0.4.RELEASE\spring-context-5.0.4.RELEASE.jar;C:\fangzhi\tools\maven\repository\org\springframework\boot\spring-boot-autoconfigure\2.0.0.BUILD-SNAPSHOT\spring-boot-autoconfigure-2.0.0.BUILD-SNAPSHOT.jar;C:\fangzhi\tools\maven\repository\org\springframework\boot\spring-boot-starter-logging\2.0.0.BUILD-SNAPSHOT\spring-boot-starter-logging-2.0.0.BUILD-SNAPSHOT.jar;C:\fangzhi\tools\maven\repository\ch\qos\logback\logback-classic\1.2.3\logback-classic-1.2.3.jar;C:\fangzhi\tools\maven\repository\ch\qos\logback\logback-core\1.2.3\logback-core-1.2.3.jar;C:\fangzhi\tools\maven\repository\org\apache\logging\log4j\log4j-to-slf4j\2.10.0\log4j-to-slf4j-2.10.0.jar;C:\fangzhi\tools\maven\repository\org\apache\logging\log4j\log4j-api\2.10.0\log4j-api-2.10.0.jar;C:\fangzhi\tools\maven\repository\org\slf4j\jul-to-slf4j\1.7.25\jul-to-slf4j-1.7.25.jar;C:\fangzhi\tools\maven\repository\javax\annotation\javax.annotation-api\1.3.2\javax.annotation-api-1.3.2.jar;C:\fangzhi\tools\maven\repository\org\springframework\spring-core\5.0.4.RELEASE\spring-core-5.0.4.RELEASE.jar;C:\fangzhi\tools\maven\repository\org\springframework\spring-jcl\5.0.4.RELEASE\spring-jcl-5.0.4.RELEASE.jar;C:\fangzhi\tools\maven\repository\org\yaml\snakeyaml\1.19\snakeyaml-1.19.jar;C:\fangzhi\tools\maven\repository\org\springframework\boot\spring-boot-starter-test\2.0.0.BUILD-SNAPSHOT\spring-boot-starter-test-2.0.0.BUILD-SNAPSHOT.jar;C:\fangzhi\tools\maven\repository\org\springframework\boot\spring-boot-test\2.0.0.BUILD-SNAPSHOT\spring-boot-test-2.0.0.BUILD-SNAPSHOT.jar;C:\fangzhi\tools\maven\repository\org\springframework\boot\spring-boot-test-autoconfigure\2.0.0.BUILD-SNAPSHOT\spring-boot-test-autoconfigure-2.0.0.BUILD-SNAPSHOT.jar;C:\fangzhi\tools\maven\repository\com\jayway\jsonpath\json-path\2.4.0\json-path-2.4.0.jar;C:\fangzhi\tools\maven\repository\net\minidev\json-smart\2.3\json-smart-2.3.jar;C:\fangzhi\tools\maven\repository\net\minidev\accessors-smart\1.2\accessors-smart-1.2.jar;C:\fangzhi\tools\maven\repository\org\ow2\asm\asm\5.0.4\asm-5.0.4.jar;C:\fangzhi\tools\maven\repository\junit\junit\4.12\junit-4.12.jar;C:\fangzhi\tools\maven\repository\org\assertj\assertj-core\3.9.1\assertj-core-3.9.1.jar;C:\fangzhi\tools\maven\repository\org\mockito\mockito-core\2.15.0\mockito-core-2.15.0.jar;C:\fangzhi\tools\maven\repository\net\bytebuddy\byte-buddy\1.7.10\byte-buddy-1.7.10.jar;C:\fangzhi\tools\maven\repository\net\bytebuddy\byte-buddy-agent\1.7.10\byte-buddy-agent-1.7.10.jar;C:\fangzhi\tools\maven\repository\org\objenesis\objenesis\2.6\objenesis-2.6.jar;C:\fangzhi\tools\maven\repository\org\hamcrest\hamcrest-core\1.3\hamcrest-core-1.3.jar;C:\fangzhi\tools\maven\repository\org\hamcrest\hamcrest-library\1.3\hamcrest-library-1.3.jar;C:\fangzhi\tools\maven\repository\org\skyscreamer\jsonassert\1.5.0\jsonassert-1.5.0.jar;C:\fangzhi\tools\maven\repository\com\vaadin\external\google\android-json\0.0.20131108.vaadin1\android-json-0.0.20131108.vaadin1.jar;C:\fangzhi\tools\maven\repository\org\springframework\spring-test\5.0.4.RELEASE\spring-test-5.0.4.RELEASE.jar;C:\fangzhi\tools\maven\repository\org\xmlunit\xmlunit-core\2.5.1\xmlunit-core-2.5.1.jar;C:\fangzhi\tools\maven\repository\org\springframework\boot\spring-boot-starter-web\2.0.0.BUILD-SNAPSHOT\spring-boot-starter-web-2.0.0.BUILD-SNAPSHOT.jar;C:\fangzhi\tools\maven\repository\org\springframework\boot\spring-boot-starter-json\2.0.0.BUILD-SNAPSHOT\spring-boot-starter-json-2.0.0.BUILD-SNAPSHOT.jar;C:\fangzhi\tools\maven\repository\com\fasterxml\jackson\core\jackson-databind\2.9.4\jackson-databind-2.9.4.jar;C:\fangzhi\tools\maven\repository\com\fasterxml\jackson\core\jackson-core\2.9.4\jackson-core-2.9.4.jar;C:\fangzhi\tools\maven\repository\com\fasterxml\jackson\datatype\jackson-datatype-jdk8\2.9.4\jackson-datatype-jdk8-2.9.4.jar;C:\fangzhi\tools\maven\repository\com\fasterxml\jackson\datatype\jackson-datatype-jsr310\2.9.4\jackson-datatype-jsr310-2.9.4.jar;C:\fangzhi\tools\maven\repository\com\fasterxml\jackson\module\jackson-module-parameter-names\2.9.4\jackson-module-parameter-names-2.9.4.jar;C:\fangzhi\tools\maven\repository\org\springframework\boot\spring-boot-starter-tomcat\2.0.0.BUILD-SNAPSHOT\spring-boot-starter-tomcat-2.0.0.BUILD-SNAPSHOT.jar;C:\fangzhi\tools\maven\repository\org\apache\tomcat\embed\tomcat-embed-core\8.5.28\tomcat-embed-core-8.5.28.jar;C:\fangzhi\tools\maven\repository\org\apache\tomcat\embed\tomcat-embed-el\8.5.28\tomcat-embed-el-8.5.28.jar;C:\fangzhi\tools\maven\repository\org\apache\tomcat\embed\tomcat-embed-websocket\8.5.28\tomcat-embed-websocket-8.5.28.jar;C:\fangzhi\tools\maven\repository\org\hibernate\validator\hibernate-validator\6.0.7.Final\hibernate-validator-6.0.7.Final.jar;C:\fangzhi\tools\maven\repository\javax\validation\validation-api\2.0.1.Final\validation-api-2.0.1.Final.jar;C:\fangzhi\tools\maven\repository\org\jboss\logging\jboss-logging\3.3.2.Final\jboss-logging-3.3.2.Final.jar;C:\fangzhi\tools\maven\repository\org\springframework\spring-web\5.0.4.RELEASE\spring-web-5.0.4.RELEASE.jar;C:\fangzhi\tools\maven\repository\org\springframework\spring-beans\5.0.4.RELEASE\spring-beans-5.0.4.RELEASE.jar;C:\fangzhi\tools\maven\repository\org\springframework\spring-webmvc\5.0.4.RELEASE\spring-webmvc-5.0.4.RELEASE.jar;C:\fangzhi\tools\maven\repository\org\springframework\spring-aop\5.0.4.RELEASE\spring-aop-5.0.4.RELEASE.jar;C:\fangzhi\tools\maven\repository\org\springframework\spring-expression\5.0.4.RELEASE\spring-expression-5.0.4.RELEASE.jar;C:\fangzhi\tools\maven\repository\mysql\mysql-connector-java\5.1.21\mysql-connector-java-5.1.21.jar;C:\fangzhi\tools\maven\repository\org\springframework\boot\spring-boot-starter-data-jpa\2.0.0.BUILD-SNAPSHOT\spring-boot-starter-data-jpa-2.0.0.BUILD-SNAPSHOT.jar;C:\fangzhi\tools\maven\repository\org\springframework\boot\spring-boot-starter-aop\2.0.0.BUILD-SNAPSHOT\spring-boot-starter-aop-2.0.0.BUILD-SNAPSHOT.jar;C:\fangzhi\tools\maven\repository\org\springframework\boot\spring-boot-starter-jdbc\2.0.0.BUILD-SNAPSHOT\spring-boot-starter-jdbc-2.0.0.BUILD-SNAPSHOT.jar;C:\fangzhi\tools\maven\repository\com\zaxxer\HikariCP\2.7.8\HikariCP-2.7.8.jar;C:\fangzhi\tools\maven\repository\org\springframework\spring-jdbc\5.0.4.RELEASE\spring-jdbc-5.0.4.RELEASE.jar;C:\fangzhi\tools\maven\repository\org\hibernate\hibernate-core\5.2.14.Final\hibernate-core-5.2.14.Final.jar;C:\fangzhi\tools\maven\repository\org\hibernate\javax\persistence\hibernate-jpa-2.1-api\1.0.0.Final\hibernate-jpa-2.1-api-1.0.0.Final.jar;C:\fangzhi\tools\maven\repository\org\javassist\javassist\3.22.0-GA\javassist-3.22.0-GA.jar;C:\fangzhi\tools\maven\repository\antlr\antlr\2.7.7\antlr-2.7.7.jar;C:\fangzhi\tools\maven\repository\org\jboss\jandex\2.0.3.Final\jandex-2.0.3.Final.jar;C:\fangzhi\tools\maven\repository\dom4j\dom4j\1.6.1\dom4j-1.6.1.jar;C:\fangzhi\tools\maven\repository\org\hibernate\common\hibernate-commons-annotations\5.0.1.Final\hibernate-commons-annotations-5.0.1.Final.jar;C:\fangzhi\tools\maven\repository\javax\transaction\javax.transaction-api\1.2\javax.transaction-api-1.2.jar;C:\fangzhi\tools\maven\repository\org\springframework\data\spring-data-jpa\2.0.5.RELEASE\spring-data-jpa-2.0.5.RELEASE.jar;C:\fangzhi\tools\maven\repository\org\springframework\data\spring-data-commons\2.0.5.RELEASE\spring-data-commons-2.0.5.RELEASE.jar;C:\fangzhi\tools\maven\repository\org\springframework\spring-orm\5.0.4.RELEASE\spring-orm-5.0.4.RELEASE.jar;C:\fangzhi\tools\maven\repository\org\springframework\spring-tx\5.0.4.RELEASE\spring-tx-5.0.4.RELEASE.jar;C:\fangzhi\tools\maven\repository\org\springframework\spring-aspects\5.0.4.RELEASE\spring-aspects-5.0.4.RELEASE.jar;C:\fangzhi\tools\maven\repository\io\springfox\springfox-swagger2\2.2.2\springfox-swagger2-2.2.2.jar;C:\fangzhi\tools\maven\repository\org\mapstruct\mapstruct\1.0.0.CR1\mapstruct-1.0.0.CR1.jar;C:\fangzhi\tools\maven\repository\io\swagger\swagger-annotations\1.5.3\swagger-annotations-1.5.3.jar;C:\fangzhi\tools\maven\repository\io\swagger\swagger-models\1.5.3\swagger-models-1.5.3.jar;C:\fangzhi\tools\maven\repository\com\fasterxml\jackson\core\jackson-annotations\2.9.0\jackson-annotations-2.9.0.jar;C:\fangzhi\tools\maven\repository\io\springfox\springfox-spi\2.2.2\springfox-spi-2.2.2.jar;C:\fangzhi\tools\maven\repository\io\springfox\springfox-core\2.2.2\springfox-core-2.2.2.jar;C:\fangzhi\tools\maven\repository\io\springfox\springfox-schema\2.2.2\springfox-schema-2.2.2.jar;C:\fangzhi\tools\maven\repository\io\springfox\springfox-swagger-common\2.2.2\springfox-swagger-common-2.2.2.jar;C:\fangzhi\tools\maven\repository\io\springfox\springfox-spring-web\2.2.2\springfox-spring-web-2.2.2.jar;C:\fangzhi\tools\maven\repository\com\google\guava\guava\18.0\guava-18.0.jar;C:\fangzhi\tools\maven\repository\com\fasterxml\classmate\1.3.4\classmate-1.3.4.jar;C:\fangzhi\tools\maven\repository\org\slf4j\slf4j-api\1.7.25\slf4j-api-1.7.25.jar;C:\fangzhi\tools\maven\repository\org\aspectj\aspectjrt\1.8.13\aspectjrt-1.8.13.jar;C:\fangzhi\tools\maven\repository\org\aspectj\aspectjweaver\1.8.13\aspectjweaver-1.8.13.jar;C:\fangzhi\tools\maven\repository\org\springframework\plugin\spring-plugin-core\1.2.0.RELEASE\spring-plugin-core-1.2.0.RELEASE.jar;C:\fangzhi\tools\maven\repository\org\springframework\plugin\spring-plugin-metadata\1.2.0.RELEASE\spring-plugin-metadata-1.2.0.RELEASE.jar;C:\fangzhi\tools\maven\repository\org\springframework\hateoas\spring-hateoas\0.24.0.RELEASE\spring-hateoas-0.24.0.RELEASE.jar;C:\fangzhi\tools\maven\repository\io\springfox\springfox-swagger-ui\2.2.2\springfox-swagger-ui-2.2.2.jar;C:\fangzhi\tools\maven\repository\org\apache\commons\commons-lang3\3.5\commons-lang3-3.5.jar;, java.specification.name=Java Platform API Specification, java.class.version=52.0, sun.management.compiler=HotSpot 64-Bit Tiered Compilers, os.version=6.3, user.home=C:\Users\EDZ, user.timezone=Asia/Shanghai, java.awt.printerjob=sun.awt.windows.WPrinterJob, file.encoding=GBK, java.specification.version=1.8, java.class.path=c:\fangzhi\22-fangzhi\webserver\target\test-classes;c:\fangzhi\22-fangzhi\webserver\target\classes;C:\fangzhi\tools\maven\repository\org\springframework\boot\spring-boot-starter\2.0.0.BUILD-SNAPSHOT\spring-boot-starter-2.0.0.BUILD-SNAPSHOT.jar;C:\fangzhi\tools\maven\repository\org\springframework\boot\spring-boot\2.0.0.BUILD-SNAPSHOT\spring-boot-2.0.0.BUILD-SNAPSHOT.jar;C:\fangzhi\tools\maven\repository\org\springframework\spring-context\5.0.4.RELEASE\spring-context-5.0.4.RELEASE.jar;C:\fangzhi\tools\maven\repository\org\springframework\boot\spring-boot-autoconfigure\2.0.0.BUILD-SNAPSHOT\spring-boot-autoconfigure-2.0.0.BUILD-SNAPSHOT.jar;C:\fangzhi\tools\maven\repository\org\springframework\boot\spring-boot-starter-logging\2.0.0.BUILD-SNAPSHOT\spring-boot-starter-logging-2.0.0.BUILD-SNAPSHOT.jar;C:\fangzhi\tools\maven\repository\ch\qos\logback\logback-classic\1.2.3\logback-classic-1.2.3.jar;C:\fangzhi\tools\maven\repository\ch\qos\logback\logback-core\1.2.3\logback-core-1.2.3.jar;C:\fangzhi\tools\maven\repository\org\apache\logging\log4j\log4j-to-slf4j\2.10.0\log4j-to-slf4j-2.10.0.jar;C:\fangzhi\tools\maven\repository\org\apache\logging\log4j\log4j-api\2.10.0\log4j-api-2.10.0.jar;C:\fangzhi\tools\maven\repository\org\slf4j\jul-to-slf4j\1.7.25\jul-to-slf4j-1.7.25.jar;C:\fangzhi\tools\maven\repository\javax\annotation\javax.annotation-api\1.3.2\javax.annotation-api-1.3.2.jar;C:\fangzhi\tools\maven\repository\org\springframework\spring-core\5.0.4.RELEASE\spring-core-5.0.4.RELEASE.jar;C:\fangzhi\tools\maven\repository\org\springframework\spring-jcl\5.0.4.RELEASE\spring-jcl-5.0.4.RELEASE.jar;C:\fangzhi\tools\maven\repository\org\yaml\snakeyaml\1.19\snakeyaml-1.19.jar;C:\fangzhi\tools\maven\repository\org\springframework\boot\spring-boot-starter-test\2.0.0.BUILD-SNAPSHOT\spring-boot-starter-test-2.0.0.BUILD-SNAPSHOT.jar;C:\fangzhi\tools\maven\repository\org\springframework\boot\spring-boot-test\2.0.0.BUILD-SNAPSHOT\spring-boot-test-2.0.0.BUILD-SNAPSHOT.jar;C:\fangzhi\tools\maven\repository\org\springframework\boot\spring-boot-test-autoconfigure\2.0.0.BUILD-SNAPSHOT\spring-boot-test-autoconfigure-2.0.0.BUILD-SNAPSHOT.jar;C:\fangzhi\tools\maven\repository\com\jayway\jsonpath\json-path\2.4.0\json-path-2.4.0.jar;C:\fangzhi\tools\maven\repository\net\minidev\json-smart\2.3\json-smart-2.3.jar;C:\fangzhi\tools\maven\repository\net\minidev\accessors-smart\1.2\accessors-smart-1.2.jar;C:\fangzhi\tools\maven\repository\org\ow2\asm\asm\5.0.4\asm-5.0.4.jar;C:\fangzhi\tools\maven\repository\junit\junit\4.12\junit-4.12.jar;C:\fangzhi\tools\maven\repository\org\assertj\assertj-core\3.9.1\assertj-core-3.9.1.jar;C:\fangzhi\tools\maven\repository\org\mockito\mockito-core\2.15.0\mockito-core-2.15.0.jar;C:\fangzhi\tools\maven\repository\net\bytebuddy\byte-buddy\1.7.10\byte-buddy-1.7.10.jar;C:\fangzhi\tools\maven\repository\net\bytebuddy\byte-buddy-agent\1.7.10\byte-buddy-agent-1.7.10.jar;C:\fangzhi\tools\maven\repository\org\objenesis\objenesis\2.6\objenesis-2.6.jar;C:\fangzhi\tools\maven\repository\org\hamcrest\hamcrest-core\1.3\hamcrest-core-1.3.jar;C:\fangzhi\tools\maven\repository\org\hamcrest\hamcrest-library\1.3\hamcrest-library-1.3.jar;C:\fangzhi\tools\maven\repository\org\skyscreamer\jsonassert\1.5.0\jsonassert-1.5.0.jar;C:\fangzhi\tools\maven\repository\com\vaadin\external\google\android-json\0.0.20131108.vaadin1\android-json-0.0.20131108.vaadin1.jar;C:\fangzhi\tools\maven\repository\org\springframework\spring-test\5.0.4.RELEASE\spring-test-5.0.4.RELEASE.jar;C:\fangzhi\tools\maven\repository\org\xmlunit\xmlunit-core\2.5.1\xmlunit-core-2.5.1.jar;C:\fangzhi\tools\maven\repository\org\springframework\boot\spring-boot-starter-web\2.0.0.BUILD-SNAPSHOT\spring-boot-starter-web-2.0.0.BUILD-SNAPSHOT.jar;C:\fangzhi\tools\maven\repository\org\springframework\boot\spring-boot-starter-json\2.0.0.BUILD-SNAPSHOT\spring-boot-starter-json-2.0.0.BUILD-SNAPSHOT.jar;C:\fangzhi\tools\maven\repository\com\fasterxml\jackson\core\jackson-databind\2.9.4\jackson-databind-2.9.4.jar;C:\fangzhi\tools\maven\repository\com\fasterxml\jackson\core\jackson-core\2.9.4\jackson-core-2.9.4.jar;C:\fangzhi\tools\maven\repository\com\fasterxml\jackson\datatype\jackson-datatype-jdk8\2.9.4\jackson-datatype-jdk8-2.9.4.jar;C:\fangzhi\tools\maven\repository\com\fasterxml\jackson\datatype\jackson-datatype-jsr310\2.9.4\jackson-datatype-jsr310-2.9.4.jar;C:\fangzhi\tools\maven\repository\com\fasterxml\jackson\module\jackson-module-parameter-names\2.9.4\jackson-module-parameter-names-2.9.4.jar;C:\fangzhi\tools\maven\repository\org\springframework\boot\spring-boot-starter-tomcat\2.0.0.BUILD-SNAPSHOT\spring-boot-starter-tomcat-2.0.0.BUILD-SNAPSHOT.jar;C:\fangzhi\tools\maven\repository\org\apache\tomcat\embed\tomcat-embed-core\8.5.28\tomcat-embed-core-8.5.28.jar;C:\fangzhi\tools\maven\repository\org\apache\tomcat\embed\tomcat-embed-el\8.5.28\tomcat-embed-el-8.5.28.jar;C:\fangzhi\tools\maven\repository\org\apache\tomcat\embed\tomcat-embed-websocket\8.5.28\tomcat-embed-websocket-8.5.28.jar;C:\fangzhi\tools\maven\repository\org\hibernate\validator\hibernate-validator\6.0.7.Final\hibernate-validator-6.0.7.Final.jar;C:\fangzhi\tools\maven\repository\javax\validation\validation-api\2.0.1.Final\validation-api-2.0.1.Final.jar;C:\fangzhi\tools\maven\repository\org\jboss\logging\jboss-logging\3.3.2.Final\jboss-logging-3.3.2.Final.jar;C:\fangzhi\tools\maven\repository\org\springframework\spring-web\5.0.4.RELEASE\spring-web-5.0.4.RELEASE.jar;C:\fangzhi\tools\maven\repository\org\springframework\spring-beans\5.0.4.RELEASE\spring-beans-5.0.4.RELEASE.jar;C:\fangzhi\tools\maven\repository\org\springframework\spring-webmvc\5.0.4.RELEASE\spring-webmvc-5.0.4.RELEASE.jar;C:\fangzhi\tools\maven\repository\org\springframework\spring-aop\5.0.4.RELEASE\spring-aop-5.0.4.RELEASE.jar;C:\fangzhi\tools\maven\repository\org\springframework\spring-expression\5.0.4.RELEASE\spring-expression-5.0.4.RELEASE.jar;C:\fangzhi\tools\maven\repository\mysql\mysql-connector-java\5.1.21\mysql-connector-java-5.1.21.jar;C:\fangzhi\tools\maven\repository\org\springframework\boot\spring-boot-starter-data-jpa\2.0.0.BUILD-SNAPSHOT\spring-boot-starter-data-jpa-2.0.0.BUILD-SNAPSHOT.jar;C:\fangzhi\tools\maven\repository\org\springframework\boot\spring-boot-starter-aop\2.0.0.BUILD-SNAPSHOT\spring-boot-starter-aop-2.0.0.BUILD-SNAPSHOT.jar;C:\fangzhi\tools\maven\repository\org\springframework\boot\spring-boot-starter-jdbc\2.0.0.BUILD-SNAPSHOT\spring-boot-starter-jdbc-2.0.0.BUILD-SNAPSHOT.jar;C:\fangzhi\tools\maven\repository\com\zaxxer\HikariCP\2.7.8\HikariCP-2.7.8.jar;C:\fangzhi\tools\maven\repository\org\springframework\spring-jdbc\5.0.4.RELEASE\spring-jdbc-5.0.4.RELEASE.jar;C:\fangzhi\tools\maven\repository\org\hibernate\hibernate-core\5.2.14.Final\hibernate-core-5.2.14.Final.jar;C:\fangzhi\tools\maven\repository\org\hibernate\javax\persistence\hibernate-jpa-2.1-api\1.0.0.Final\hibernate-jpa-2.1-api-1.0.0.Final.jar;C:\fangzhi\tools\maven\repository\org\javassist\javassist\3.22.0-GA\javassist-3.22.0-GA.jar;C:\fangzhi\tools\maven\repository\antlr\antlr\2.7.7\antlr-2.7.7.jar;C:\fangzhi\tools\maven\repository\org\jboss\jandex\2.0.3.Final\jandex-2.0.3.Final.jar;C:\fangzhi\tools\maven\repository\dom4j\dom4j\1.6.1\dom4j-1.6.1.jar;C:\fangzhi\tools\maven\repository\org\hibernate\common\hibernate-commons-annotations\5.0.1.Final\hibernate-commons-annotations-5.0.1.Final.jar;C:\fangzhi\tools\maven\repository\javax\transaction\javax.transaction-api\1.2\javax.transaction-api-1.2.jar;C:\fangzhi\tools\maven\repository\org\springframework\data\spring-data-jpa\2.0.5.RELEASE\spring-data-jpa-2.0.5.RELEASE.jar;C:\fangzhi\tools\maven\repository\org\springframework\data\spring-data-commons\2.0.5.RELEASE\spring-data-commons-2.0.5.RELEASE.jar;C:\fangzhi\tools\maven\repository\org\springframework\spring-orm\5.0.4.RELEASE\spring-orm-5.0.4.RELEASE.jar;C:\fangzhi\tools\maven\repository\org\springframework\spring-tx\5.0.4.RELEASE\spring-tx-5.0.4.RELEASE.jar;C:\fangzhi\tools\maven\repository\org\springframework\spring-aspects\5.0.4.RELEASE\spring-aspects-5.0.4.RELEASE.jar;C:\fangzhi\tools\maven\repository\io\springfox\springfox-swagger2\2.2.2\springfox-swagger2-2.2.2.jar;C:\fangzhi\tools\maven\repository\org\mapstruct\mapstruct\1.0.0.CR1\mapstruct-1.0.0.CR1.jar;C:\fangzhi\tools\maven\repository\io\swagger\swagger-annotations\1.5.3\swagger-annotations-1.5.3.jar;C:\fangzhi\tools\maven\repository\io\swagger\swagger-models\1.5.3\swagger-models-1.5.3.jar;C:\fangzhi\tools\maven\repository\com\fasterxml\jackson\core\jackson-annotations\2.9.0\jackson-annotations-2.9.0.jar;C:\fangzhi\tools\maven\repository\io\springfox\springfox-spi\2.2.2\springfox-spi-2.2.2.jar;C:\fangzhi\tools\maven\repository\io\springfox\springfox-core\2.2.2\springfox-core-2.2.2.jar;C:\fangzhi\tools\maven\repository\io\springfox\springfox-schema\2.2.2\springfox-schema-2.2.2.jar;C:\fangzhi\tools\maven\repository\io\springfox\springfox-swagger-common\2.2.2\springfox-swagger-common-2.2.2.jar;C:\fangzhi\tools\maven\repository\io\springfox\springfox-spring-web\2.2.2\springfox-spring-web-2.2.2.jar;C:\fangzhi\tools\maven\repository\com\google\guava\guava\18.0\guava-18.0.jar;C:\fangzhi\tools\maven\repository\com\fasterxml\classmate\1.3.4\classmate-1.3.4.jar;C:\fangzhi\tools\maven\repository\org\slf4j\slf4j-api\1.7.25\slf4j-api-1.7.25.jar;C:\fangzhi\tools\maven\repository\org\aspectj\aspectjrt\1.8.13\aspectjrt-1.8.13.jar;C:\fangzhi\tools\maven\repository\org\aspectj\aspectjweaver\1.8.13\aspectjweaver-1.8.13.jar;C:\fangzhi\tools\maven\repository\org\springframework\plugin\spring-plugin-core\1.2.0.RELEASE\spring-plugin-core-1.2.0.RELEASE.jar;C:\fangzhi\tools\maven\repository\org\springframework\plugin\spring-plugin-metadata\1.2.0.RELEASE\spring-plugin-metadata-1.2.0.RELEASE.jar;C:\fangzhi\tools\maven\repository\org\springframework\hateoas\spring-hateoas\0.24.0.RELEASE\spring-hateoas-0.24.0.RELEASE.jar;C:\fangzhi\tools\maven\repository\io\springfox\springfox-swagger-ui\2.2.2\springfox-swagger-ui-2.2.2.jar;C:\fangzhi\tools\maven\repository\org\apache\commons\commons-lang3\3.5\commons-lang3-3.5.jar;, user.name=EDZ, java.vm.specification.version=1.8, sun.java.command=C:\Users\EDZ\AppData\Local\Temp\surefire6155814227784800450\surefirebooter5326081387828943963.jar C:\Users\EDZ\AppData\Local\Temp\surefire6155814227784800450 2018-05-25T10-04-29_060-jvmRun1 surefire2893545195017945810tmp surefire_08340879917269495330tmp, java.home=C:\fangzhi\tools\Java\jdk1.8\jre, sun.arch.data.model=64, user.language=zh, java.specification.vendor=Oracle Corporation, awt.toolkit=sun.awt.windows.WToolkit, java.vm.info=mixed mode, java.version=1.8.0_40, java.ext.dirs=C:\fangzhi\tools\Java\jdk1.8\jre\lib\ext;C:\WINDOWS\Sun\Java\lib\ext, sun.boot.class.path=C:\fangzhi\tools\Java\jdk1.8\jre\lib\resources.jar;C:\fangzhi\tools\Java\jdk1.8\jre\lib\rt.jar;C:\fangzhi\tools\Java\jdk1.8\jre\lib\sunrsasign.jar;C:\fangzhi\tools\Java\jdk1.8\jre\lib\jsse.jar;C:\fangzhi\tools\Java\jdk1.8\jre\lib\jce.jar;C:\fangzhi\tools\Java\jdk1.8\jre\lib\charsets.jar;C:\fangzhi\tools\Java\jdk1.8\jre\lib\jfr.jar;C:\fangzhi\tools\Java\jdk1.8\jre\classes, java.vendor=Oracle Corporation, localRepository=C:\fangzhi\tools\maven\repository, file.separator=\, java.vendor.url.bug=http://bugreport.sun.com/bugreport/, sun.io.unicode.encoding=UnicodeLittle, sun.cpu.endian=little, sun.desktop=windows, sun.cpu.isalist=amd64}}, SystemEnvironmentPropertySource@1620890840 {name='systemEnvironment', properties={PATH=C:\ProgramData\Oracle\Java\javapath;C:\WINDOWS\system32;C:\WINDOWS;C:\WINDOWS\System32\Wbem;C:\WINDOWS\System32\WindowsPowerShell\v1.0\;C:\Program Files\Git\cmd;C:\fangzhi\tools\nodejs\;C:\Program Files\TortoiseSVN\bin;C:\Program Files\MySQL\MySQL Utilities 1.6\;%MAVEN_HOME%\bin;C:\Users\EDZ\AppData\Local\Microsoft\WindowsApps;C:\Program Files\Microsoft VS Code\bin;C:\Users\EDZ\AppData\Roaming\npm;C:\fangzhi\tools\maven\apache-maven-3.5.3\bin;C:\fangzhi\tools\Java\jdk1.8\bin;C:\fangzhi\tools\Java\jdk1.8\jre\bin;, USERDOMAIN_ROAMINGPROFILE=DESKTOP-ANIHA2P, PROCESSOR_LEVEL=6, SYSTEMDRIVE=C:, SESSIONNAME=Console, ALLUSERSPROFILE=C:\ProgramData, PROCESSOR_ARCHITECTURE=AMD64, VSCODE_PID=3064, FILE_ARG=c:\fangzhi\22-fangzhi\webserver\pom.xml, MAVEN_HOME=C:\fangzhi\tools\maven\apache-maven-3.5.3\bin\.., PROGRAMFILES=C:\Program Files, PSMODULEPATH=C:\Users\EDZ\Documents\WindowsPowerShell\Modules;C:\Program Files\WindowsPowerShell\Modules;C:\WINDOWS\system32\WindowsPowerShell\v1.0\Modules;C:\Program Files\Intel\Wired Networking\, PROGRAMDATA=C:\ProgramData, USERNAME=EDZ, TERM_PROGRAM_VERSION=1.23.1, VSCODE_NLS_CONFIG={"locale":"zh-cn","availableLanguages":{"*":"zh-cn"},"_languagePackId":"41d0c1b60ee4c8cdf754832b8b680a1b.zh-cn","_translationsConfigFile":"C:\\Users\\EDZ\\AppData\\Roaming\\Code\\clp\\41d0c1b60ee4c8cdf754832b8b680a1b.zh-cn\\tcf.json","_cacheRoot":"C:\\Users\\EDZ\\AppData\\Roaming\\Code\\clp\\41d0c1b60ee4c8cdf754832b8b680a1b.zh-cn","_resolvedLanguagePackCoreLocation":"C:\\Users\\EDZ\\AppData\\Roaming\\Code\\clp\\41d0c1b60ee4c8cdf754832b8b680a1b.zh-cn\\d0182c3417d225529c6d5ad24b7572815d0de9ac"}, WDIR=C:\, ONEDRIVE=C:\Users\EDZ\OneDrive, PATHEXT=.COM;.EXE;.BAT;.CMD;.VBS;.VBE;.JS;.JSE;.WSF;.WSH;.MSC;.CPL, VSCODE_NODE_CACHED_DATA_DIR_3064=C:\Users\EDZ\AppData\Roaming\Code\CachedData\d0182c3417d225529c6d5ad24b7572815d0de9ac, CLASSWORLDS_JAR="C:\fangzhi\tools\maven\apache-maven-3.5.3\bin\..\boot\plexus-classworlds-2.5.2.jar", WINDIR=C:\WINDOWS, HOMEPATH=\Users\EDZ, PROCESSOR_IDENTIFIER=Intel64 Family 6 Model 158 Stepping 10, GenuineIntel, PUBLIC=C:\Users\Public, LOCALAPPDATA=C:\Users\EDZ\AppData\Local, COMMONPROGRAMFILES(X86)=C:\Program Files (x86)\Common Files, USERDOMAIN=DESKTOP-ANIHA2P, LOGONSERVER=\\DESKTOP-ANIHA2P, JAVA_HOME=C:\fangzhi\tools\Java\jdk1.8, PROMPT=$P$G, PROGRAMFILES(X86)=C:\Program Files (x86), LANG=en_US.UTF-8, ERROR_CODE=0, EXEC_DIR=C:\fangzhi\22-fangzhi\webserver, ERLANG_HOME=C:\fangzhi\tools\erl9.3, =C:=c:\fangzhi\22-fangzhi\webserver, APPDATA=C:\Users\EDZ\AppData\Roaming, PROGRAMW6432=C:\Program Files, SYSTEMROOT=C:\WINDOWS, MAVEN_CMD_LINE_ARGS=install -f c:\fangzhi\22-fangzhi\webserver\pom.xml, VSCODE_CWD=C:\Program Files\Microsoft VS Code, OS=Windows_NT, TERM_PROGRAM=vscode, COMMONPROGRAMW6432=C:\Program Files\Common Files, COMPUTERNAME=DESKTOP-ANIHA2P, COMMONPROGRAMFILES=C:\Program Files\Common Files, COMSPEC=C:\WINDOWS\system32\cmd.exe, JAVACMD=C:\fangzhi\tools\Java\jdk1.8\bin\java.exe, MAVEN_PROJECTBASEDIR=C:\fangzhi\22-fangzhi\webserver, PROCESSOR_REVISION=9e0a, CLASSPATH=.C:\fangzhi\tools\Java\jdk1.8\lib;C:\fangzhi\tools\Java\jdk1.8\lib\tools.jar, CLASSWORLDS_LAUNCHER=org.codehaus.plexus.classworlds.launcher.Launcher, TEMP=C:\Users\EDZ\AppData\Local\Temp, HOMEDRIVE=C:, USERPROFILE=C:\Users\EDZ, POM_DIR=c:\fangzhi\22-fangzhi\webserver, TMP=C:\Users\EDZ\AppData\Local\Temp, NUMBER_OF_PROCESSORS=6, JVMCONFIG=\.mvn\jvm.config, VSCODE_IPC_HOOK=\\.\pipe\92a05f53fb41b3cd8db42eda8b5f428a-1.23.1-main-sock}}]
10:04:30.744 [main] DEBUG org.springframework.test.context.support.TestPropertySourceUtils - Adding inlined properties to environment: {spring.jmx.enabled=false, org.springframework.boot.test.context.SpringBootTestContextBootstrapper=true, server.port=0}
10:04:30.744 [main] DEBUG org.springframework.core.env.StandardEnvironment - Adding PropertySource 'Inlined Test Properties' with highest search precedence

  .   ____          _            __ _ _
 /\\ / ___'_ __ _ _(_)_ __  __ _ \ \ \ \
( ( )\___ | '_ | '_| | '_ \/ _` | \ \ \ \
 \\/  ___)| |_)| | | | | || (_| |  ) ) ) )
  '  |____| .__|_| |_|_| |_\__, | / / / /
 =========|_|==============|___/=/_/_/_/
 :: Spring Boot ::  (v2.0.0.BUILD-SNAPSHOT)

2018-05-25 10:04:31.153  INFO 212 --- [           main] com.fangzhi.ApplicationTests             : Starting ApplicationTests on DESKTOP-ANIHA2P with PID 212 (started by EDZ in c:\fangzhi\22-fangzhi\webserver)
2018-05-25 10:04:31.154  INFO 212 --- [           main] com.fangzhi.ApplicationTests             : The following profiles are active: dev
2018-05-25 10:04:31.185  INFO 212 --- [           main] ConfigServletWebServerApplicationContext : Refreshing org.springframework.boot.web.servlet.context.AnnotationConfigServletWebServerApplicationContext@792b749c: startup date [Fri May 25 10:04:31 CST 2018]; root of context hierarchy
2018-05-25 10:04:33.188  INFO 212 --- [           main] trationDelegate$BeanPostProcessorChecker : Bean 'org.springframework.transaction.annotation.ProxyTransactionManagementConfiguration' of type [org.springframework.transaction.annotation.ProxyTransactionManagementConfiguration$$EnhancerBySpringCGLIB$$349e8461] is not eligible for getting processed by all BeanPostProcessors (for example: not eligible for auto-proxying)
2018-05-25 10:04:34.009  INFO 212 --- [           main] o.s.b.w.embedded.tomcat.TomcatWebServer  : Tomcat initialized with port(s): 0 (http)
2018-05-25 10:04:34.052  INFO 212 --- [           main] o.apache.catalina.core.StandardService   : Starting service [Tomcat]
2018-05-25 10:04:34.053  INFO 212 --- [           main] org.apache.catalina.core.StandardEngine  : Starting Servlet Engine: Apache Tomcat/8.5.28
2018-05-25 10:04:34.067  INFO 212 --- [ost-startStop-1] o.a.catalina.core.AprLifecycleListener   : The APR based Apache Tomcat Native library which allows optimal performance in production environments was not found on the java.library.path: [C:\fangzhi\tools\Java\jdk1.8\jre\bin;C:\WINDOWS\Sun\Java\bin;C:\WINDOWS\system32;C:\WINDOWS;C:\ProgramData\Oracle\Java\javapath;C:\WINDOWS\system32;C:\WINDOWS;C:\WINDOWS\System32\Wbem;C:\WINDOWS\System32\WindowsPowerShell\v1.0\;C:\Program Files\Git\cmd;C:\fangzhi\tools\nodejs\;C:\Program Files\TortoiseSVN\bin;C:\Program Files\MySQL\MySQL Utilities 1.6\;%MAVEN_HOME%\bin;C:\Users\EDZ\AppData\Local\Microsoft\WindowsApps;C:\Program Files\Microsoft VS Code\bin;C:\Users\EDZ\AppData\Roaming\npm;C:\fangzhi\tools\maven\apache-maven-3.5.3\bin;C:\fangzhi\tools\Java\jdk1.8\bin;C:\fangzhi\tools\Java\jdk1.8\jre\bin;;.]
2018-05-25 10:04:34.193  INFO 212 --- [ost-startStop-1] o.a.c.c.C.[Tomcat].[localhost].[/]       : Initializing Spring embedded WebApplicationContext
2018-05-25 10:04:34.193  INFO 212 --- [ost-startStop-1] o.s.web.context.ContextLoader            : Root WebApplicationContext: initialization completed in 3013 ms
2018-05-25 10:04:34.403  INFO 212 --- [ost-startStop-1] o.s.b.w.servlet.ServletRegistrationBean  : Servlet dispatcherServlet mapped to [/]
2018-05-25 10:04:34.408  INFO 212 --- [ost-startStop-1] o.s.b.w.servlet.FilterRegistrationBean   : Mapping filter: 'characterEncodingFilter' to: [/*]
2018-05-25 10:04:34.408  INFO 212 --- [ost-startStop-1] o.s.b.w.servlet.FilterRegistrationBean   : Mapping filter: 'hiddenHttpMethodFilter' to: [/*]
2018-05-25 10:04:34.408  INFO 212 --- [ost-startStop-1] o.s.b.w.servlet.FilterRegistrationBean   : Mapping filter: 'httpPutFormContentFilter' to: [/*]
2018-05-25 10:04:34.408  INFO 212 --- [ost-startStop-1] o.s.b.w.servlet.FilterRegistrationBean   : Mapping filter: 'requestContextFilter' to: [/*]
2018-05-25 10:04:34.649  INFO 212 --- [           main] com.zaxxer.hikari.HikariDataSource       : HikariPool-1 - Starting...
2018-05-25 10:04:34.870  INFO 212 --- [           main] com.zaxxer.hikari.HikariDataSource       : HikariPool-1 - Start completed.
2018-05-25 10:04:34.936  INFO 212 --- [           main] j.LocalContainerEntityManagerFactoryBean : Building JPA container EntityManagerFactory for persistence unit 'default'
2018-05-25 10:04:34.971  INFO 212 --- [           main] o.hibernate.jpa.internal.util.LogHelper  : HHH000204: Processing PersistenceUnitInfo [
	name: default
	...]
2018-05-25 10:04:35.104  INFO 212 --- [           main] org.hibernate.Version                    : HHH000412: Hibernate Core {5.2.14.Final}
2018-05-25 10:04:35.105  INFO 212 --- [           main] org.hibernate.cfg.Environment            : HHH000206: hibernate.properties not found
2018-05-25 10:04:35.159  INFO 212 --- [           main] o.hibernate.annotations.common.Version   : HCANN000001: Hibernate Commons Annotations {5.0.1.Final}
2018-05-25 10:04:35.277  INFO 212 --- [           main] org.hibernate.dialect.Dialect            : HHH000400: Using dialect: org.hibernate.dialect.MySQL5Dialect
2018-05-25 10:04:35.712  INFO 212 --- [           main] j.LocalContainerEntityManagerFactoryBean : Initialized JPA EntityManagerFactory for persistence unit 'default'
2018-05-25 10:04:35.981  WARN 212 --- [           main] ConfigServletWebServerApplicationContext : Exception encountered during context initialization - cancelling refresh attempt: org.springframework.beans.factory.UnsatisfiedDependencyException: Error creating bean with name 'fzFileController': Unsatisfied dependency expressed through field 'fileRepository'; nested exception is org.springframework.beans.factory.BeanCreationException: Error creating bean with name 'fzFileRepository': Invocation of init method failed; nested exception is java.lang.IllegalArgumentException: Failed to create query for method public abstract com.fangzhi.domain.FzFile com.fangzhi.repository.FzFileRepository.findById(java.lang.Long)! No property id found for type FzFile!
2018-05-25 10:04:35.982  INFO 212 --- [           main] j.LocalContainerEntityManagerFactoryBean : Closing JPA EntityManagerFactory for persistence unit 'default'
2018-05-25 10:04:35.982  INFO 212 --- [           main] com.zaxxer.hikari.HikariDataSource       : HikariPool-1 - Shutdown initiated...
2018-05-25 10:04:35.986  INFO 212 --- [           main] com.zaxxer.hikari.HikariDataSource       : HikariPool-1 - Shutdown completed.
2018-05-25 10:04:35.987  INFO 212 --- [           main] o.apache.catalina.core.StandardService   : Stopping service [Tomcat]
2018-05-25 10:04:35.997  INFO 212 --- [           main] ConditionEvaluationReportLoggingListener : 

Error starting ApplicationContext. To display the conditions report re-run your application with 'debug' enabled.
2018-05-25 10:04:36.009 ERROR 212 --- [           main] o.s.boot.SpringApplication               : Application run failed

org.springframework.beans.factory.UnsatisfiedDependencyException: Error creating bean with name 'fzFileController': Unsatisfied dependency expressed through field 'fileRepository'; nested exception is org.springframework.beans.factory.BeanCreationException: Error creating bean with name 'fzFileRepository': Invocation of init method failed; nested exception is java.lang.IllegalArgumentException: Failed to create query for method public abstract com.fangzhi.domain.FzFile com.fangzhi.repository.FzFileRepository.findById(java.lang.Long)! No property id found for type FzFile!
	at org.springframework.beans.factory.annotation.AutowiredAnnotationBeanPostProcessor$AutowiredFieldElement.inject(AutowiredAnnotationBeanPostProcessor.java:587) ~[spring-beans-5.0.4.RELEASE.jar:5.0.4.RELEASE]
	at org.springframework.beans.factory.annotation.InjectionMetadata.inject(InjectionMetadata.java:91) ~[spring-beans-5.0.4.RELEASE.jar:5.0.4.RELEASE]
	at org.springframework.beans.factory.annotation.AutowiredAnnotationBeanPostProcessor.postProcessPropertyValues(AutowiredAnnotationBeanPostProcessor.java:373) ~[spring-beans-5.0.4.RELEASE.jar:5.0.4.RELEASE]
	at org.springframework.beans.factory.support.AbstractAutowireCapableBeanFactory.populateBean(AbstractAutowireCapableBeanFactory.java:1344) ~[spring-beans-5.0.4.RELEASE.jar:5.0.4.RELEASE]
	at org.springframework.beans.factory.support.AbstractAutowireCapableBeanFactory.doCreateBean(AbstractAutowireCapableBeanFactory.java:582) ~[spring-beans-5.0.4.RELEASE.jar:5.0.4.RELEASE]
	at org.springframework.beans.factory.support.AbstractAutowireCapableBeanFactory.createBean(AbstractAutowireCapableBeanFactory.java:502) ~[spring-beans-5.0.4.RELEASE.jar:5.0.4.RELEASE]
	at org.springframework.beans.factory.support.AbstractBeanFactory.lambda$doGetBean$0(AbstractBeanFactory.java:312) ~[spring-beans-5.0.4.RELEASE.jar:5.0.4.RELEASE]
	at org.springframework.beans.factory.support.AbstractBeanFactory$$Lambda$112/508378341.getObject(Unknown Source) ~[na:na]
	at org.springframework.beans.factory.support.DefaultSingletonBeanRegistry.getSingleton(DefaultSingletonBeanRegistry.java:228) ~[spring-beans-5.0.4.RELEASE.jar:5.0.4.RELEASE]
	at org.springframework.beans.factory.support.AbstractBeanFactory.doGetBean(AbstractBeanFactory.java:310) ~[spring-beans-5.0.4.RELEASE.jar:5.0.4.RELEASE]
	at org.springframework.beans.factory.support.AbstractBeanFactory.getBean(AbstractBeanFactory.java:200) ~[spring-beans-5.0.4.RELEASE.jar:5.0.4.RELEASE]
	at org.springframework.beans.factory.support.DefaultListableBeanFactory.preInstantiateSingletons(DefaultListableBeanFactory.java:760) ~[spring-beans-5.0.4.RELEASE.jar:5.0.4.RELEASE]
	at org.springframework.context.support.AbstractApplicationContext.finishBeanFactoryInitialization(AbstractApplicationContext.java:868) ~[spring-context-5.0.4.RELEASE.jar:5.0.4.RELEASE]
	at org.springframework.context.support.AbstractApplicationContext.refresh(AbstractApplicationContext.java:549) ~[spring-context-5.0.4.RELEASE.jar:5.0.4.RELEASE]
	at org.springframework.boot.web.servlet.context.ServletWebServerApplicationContext.refresh(ServletWebServerApplicationContext.java:140) ~[spring-boot-2.0.0.BUILD-SNAPSHOT.jar:2.0.0.BUILD-SNAPSHOT]
	at org.springframework.boot.SpringApplication.refresh(SpringApplication.java:752) ~[spring-boot-2.0.0.BUILD-SNAPSHOT.jar:2.0.0.BUILD-SNAPSHOT]
	at org.springframework.boot.SpringApplication.refreshContext(SpringApplication.java:388) ~[spring-boot-2.0.0.BUILD-SNAPSHOT.jar:2.0.0.BUILD-SNAPSHOT]
	at org.springframework.boot.SpringApplication.run(SpringApplication.java:327) ~[spring-boot-2.0.0.BUILD-SNAPSHOT.jar:2.0.0.BUILD-SNAPSHOT]
	at org.springframework.boot.test.context.SpringBootContextLoader.loadContext(SpringBootContextLoader.java:138) [spring-boot-test-2.0.0.BUILD-SNAPSHOT.jar:2.0.0.BUILD-SNAPSHOT]
	at org.springframework.test.context.cache.DefaultCacheAwareContextLoaderDelegate.loadContextInternal(DefaultCacheAwareContextLoaderDelegate.java:99) [spring-test-5.0.4.RELEASE.jar:5.0.4.RELEASE]
	at org.springframework.test.context.cache.DefaultCacheAwareContextLoaderDelegate.loadContext(DefaultCacheAwareContextLoaderDelegate.java:117) [spring-test-5.0.4.RELEASE.jar:5.0.4.RELEASE]
	at org.springframework.test.context.support.DefaultTestContext.getApplicationContext(DefaultTestContext.java:107) [spring-test-5.0.4.RELEASE.jar:5.0.4.RELEASE]
	at org.springframework.test.context.support.DependencyInjectionTestExecutionListener.injectDependencies(DependencyInjectionTestExecutionListener.java:117) [spring-test-5.0.4.RELEASE.jar:5.0.4.RELEASE]
	at org.springframework.test.context.support.DependencyInjectionTestExecutionListener.prepareTestInstance(DependencyInjectionTestExecutionListener.java:83) [spring-test-5.0.4.RELEASE.jar:5.0.4.RELEASE]
	at org.springframework.boot.test.autoconfigure.SpringBootDependencyInjectionTestExecutionListener.prepareTestInstance(SpringBootDependencyInjectionTestExecutionListener.java:44) [spring-boot-test-autoconfigure-2.0.0.BUILD-SNAPSHOT.jar:2.0.0.BUILD-SNAPSHOT]
	at org.springframework.test.context.TestContextManager.prepareTestInstance(TestContextManager.java:242) [spring-test-5.0.4.RELEASE.jar:5.0.4.RELEASE]
	at org.springframework.test.context.junit4.SpringJUnit4ClassRunner.createTest(SpringJUnit4ClassRunner.java:227) [spring-test-5.0.4.RELEASE.jar:5.0.4.RELEASE]
	at org.springframework.test.context.junit4.SpringJUnit4ClassRunner$1.runReflectiveCall(SpringJUnit4ClassRunner.java:289) [spring-test-5.0.4.RELEASE.jar:5.0.4.RELEASE]
	at org.junit.internal.runners.model.ReflectiveCallable.run(ReflectiveCallable.java:12) [junit-4.12.jar:4.12]
	at org.springframework.test.context.junit4.SpringJUnit4ClassRunner.methodBlock(SpringJUnit4ClassRunner.java:291) [spring-test-5.0.4.RELEASE.jar:5.0.4.RELEASE]
	at org.springframework.test.context.junit4.SpringJUnit4ClassRunner.runChild(SpringJUnit4ClassRunner.java:246) [spring-test-5.0.4.RELEASE.jar:5.0.4.RELEASE]
	at org.springframework.test.context.junit4.SpringJUnit4ClassRunner.runChild(SpringJUnit4ClassRunner.java:97) [spring-test-5.0.4.RELEASE.jar:5.0.4.RELEASE]
	at org.junit.runners.ParentRunner$3.run(ParentRunner.java:290) [junit-4.12.jar:4.12]
	at org.junit.runners.ParentRunner$1.schedule(ParentRunner.java:71) [junit-4.12.jar:4.12]
	at org.junit.runners.ParentRunner.runChildren(ParentRunner.java:288) [junit-4.12.jar:4.12]
	at org.junit.runners.ParentRunner.access$000(ParentRunner.java:58) [junit-4.12.jar:4.12]
	at org.junit.runners.ParentRunner$2.evaluate(ParentRunner.java:268) [junit-4.12.jar:4.12]
	at org.springframework.test.context.junit4.statements.RunBeforeTestClassCallbacks.evaluate(RunBeforeTestClassCallbacks.java:61) [spring-test-5.0.4.RELEASE.jar:5.0.4.RELEASE]
	at org.springframework.test.context.junit4.statements.RunAfterTestClassCallbacks.evaluate(RunAfterTestClassCallbacks.java:70) [spring-test-5.0.4.RELEASE.jar:5.0.4.RELEASE]
	at org.junit.runners.ParentRunner.run(ParentRunner.java:363) [junit-4.12.jar:4.12]
	at org.springframework.test.context.junit4.SpringJUnit4ClassRunner.run(SpringJUnit4ClassRunner.java:190) [spring-test-5.0.4.RELEASE.jar:5.0.4.RELEASE]
	at org.apache.maven.surefire.junit4.JUnit4Provider.execute(JUnit4Provider.java:369) [surefire-junit4-2.20.1.jar:2.20.1]
	at org.apache.maven.surefire.junit4.JUnit4Provider.executeWithRerun(JUnit4Provider.java:275) [surefire-junit4-2.20.1.jar:2.20.1]
	at org.apache.maven.surefire.junit4.JUnit4Provider.executeTestSet(JUnit4Provider.java:239) [surefire-junit4-2.20.1.jar:2.20.1]
	at org.apache.maven.surefire.junit4.JUnit4Provider.invoke(JUnit4Provider.java:160) [surefire-junit4-2.20.1.jar:2.20.1]
	at org.apache.maven.surefire.booter.ForkedBooter.invokeProviderInSameClassLoader(ForkedBooter.java:373) [surefire-booter-2.20.1.jar:2.20.1]
	at org.apache.maven.surefire.booter.ForkedBooter.runSuitesInProcess(ForkedBooter.java:334) [surefire-booter-2.20.1.jar:2.20.1]
	at org.apache.maven.surefire.booter.ForkedBooter.execute(ForkedBooter.java:119) [surefire-booter-2.20.1.jar:2.20.1]
	at org.apache.maven.surefire.booter.ForkedBooter.main(ForkedBooter.java:407) [surefire-booter-2.20.1.jar:2.20.1]
Caused by: org.springframework.beans.factory.BeanCreationException: Error creating bean with name 'fzFileRepository': Invocation of init method failed; nested exception is java.lang.IllegalArgumentException: Failed to create query for method public abstract com.fangzhi.domain.FzFile com.fangzhi.repository.FzFileRepository.findById(java.lang.Long)! No property id found for type FzFile!
	at org.springframework.beans.factory.support.AbstractAutowireCapableBeanFactory.initializeBean(AbstractAutowireCapableBeanFactory.java:1710) ~[spring-beans-5.0.4.RELEASE.jar:5.0.4.RELEASE]
	at org.springframework.beans.factory.support.AbstractAutowireCapableBeanFactory.doCreateBean(AbstractAutowireCapableBeanFactory.java:583) ~[spring-beans-5.0.4.RELEASE.jar:5.0.4.RELEASE]
	at org.springframework.beans.factory.support.AbstractAutowireCapableBeanFactory.createBean(AbstractAutowireCapableBeanFactory.java:502) ~[spring-beans-5.0.4.RELEASE.jar:5.0.4.RELEASE]
	at org.springframework.beans.factory.support.AbstractBeanFactory.lambda$doGetBean$0(AbstractBeanFactory.java:312) ~[spring-beans-5.0.4.RELEASE.jar:5.0.4.RELEASE]
	at org.springframework.beans.factory.support.AbstractBeanFactory$$Lambda$112/508378341.getObject(Unknown Source) ~[na:na]
	at org.springframework.beans.factory.support.DefaultSingletonBeanRegistry.getSingleton(DefaultSingletonBeanRegistry.java:228) ~[spring-beans-5.0.4.RELEASE.jar:5.0.4.RELEASE]
	at org.springframework.beans.factory.support.AbstractBeanFactory.doGetBean(AbstractBeanFactory.java:310) ~[spring-beans-5.0.4.RELEASE.jar:5.0.4.RELEASE]
	at org.springframework.beans.factory.support.AbstractBeanFactory.getBean(AbstractBeanFactory.java:200) ~[spring-beans-5.0.4.RELEASE.jar:5.0.4.RELEASE]
	at org.springframework.beans.factory.config.DependencyDescriptor.resolveCandidate(DependencyDescriptor.java:251) ~[spring-beans-5.0.4.RELEASE.jar:5.0.4.RELEASE]
	at org.springframework.beans.factory.support.DefaultListableBeanFactory.doResolveDependency(DefaultListableBeanFactory.java:1138) ~[spring-beans-5.0.4.RELEASE.jar:5.0.4.RELEASE]
	at org.springframework.beans.factory.support.DefaultListableBeanFactory.resolveDependency(DefaultListableBeanFactory.java:1065) ~[spring-beans-5.0.4.RELEASE.jar:5.0.4.RELEASE]
	at org.springframework.beans.factory.annotation.AutowiredAnnotationBeanPostProcessor$AutowiredFieldElement.inject(AutowiredAnnotationBeanPostProcessor.java:584) ~[spring-beans-5.0.4.RELEASE.jar:5.0.4.RELEASE]
	... 48 common frames omitted
Caused by: java.lang.IllegalArgumentException: Failed to create query for method public abstract com.fangzhi.domain.FzFile com.fangzhi.repository.FzFileRepository.findById(java.lang.Long)! No property id found for type FzFile!
	at org.springframework.data.jpa.repository.query.PartTreeJpaQuery.<init>(PartTreeJpaQuery.java:82) ~[spring-data-jpa-2.0.5.RELEASE.jar:2.0.5.RELEASE]
	at org.springframework.data.jpa.repository.query.JpaQueryLookupStrategy$CreateQueryLookupStrategy.resolveQuery(JpaQueryLookupStrategy.java:103) ~[spring-data-jpa-2.0.5.RELEASE.jar:2.0.5.RELEASE]
	at org.springframework.data.jpa.repository.query.JpaQueryLookupStrategy$CreateIfNotFoundQueryLookupStrategy.resolveQuery(JpaQueryLookupStrategy.java:208) ~[spring-data-jpa-2.0.5.RELEASE.jar:2.0.5.RELEASE]
	at org.springframework.data.jpa.repository.query.JpaQueryLookupStrategy$AbstractQueryLookupStrategy.resolveQuery(JpaQueryLookupStrategy.java:79) ~[spring-data-jpa-2.0.5.RELEASE.jar:2.0.5.RELEASE]
	at org.springframework.data.repository.core.support.RepositoryFactorySupport$QueryExecutorMethodInterceptor.lookupQuery(RepositoryFactorySupport.java:553) ~[spring-data-commons-2.0.5.RELEASE.jar:2.0.5.RELEASE]
	at org.springframework.data.repository.core.support.RepositoryFactorySupport$QueryExecutorMethodInterceptor.lambda$mapMethodsToQuery$1(RepositoryFactorySupport.java:546) ~[spring-data-commons-2.0.5.RELEASE.jar:2.0.5.RELEASE]
	at org.springframework.data.repository.core.support.RepositoryFactorySupport$QueryExecutorMethodInterceptor$$Lambda$469/1411675719.apply(Unknown Source) ~[na:na]
	at java.util.stream.ReferencePipeline$3$1.accept(ReferencePipeline.java:193) ~[na:1.8.0_40]
	at java.util.Iterator.forEachRemaining(Iterator.java:116) ~[na:1.8.0_40]
	at java.util.Collections$UnmodifiableCollection$1.forEachRemaining(Collections.java:1049) ~[na:1.8.0_40]
	at java.util.Spliterators$IteratorSpliterator.forEachRemaining(Spliterators.java:1801) ~[na:1.8.0_40]
	at java.util.stream.AbstractPipeline.copyInto(AbstractPipeline.java:512) ~[na:1.8.0_40]
	at java.util.stream.AbstractPipeline.wrapAndCopyInto(AbstractPipeline.java:502) ~[na:1.8.0_40]
	at java.util.stream.ReduceOps$ReduceOp.evaluateSequential(ReduceOps.java:708) ~[na:1.8.0_40]
	at java.util.stream.AbstractPipeline.evaluate(AbstractPipeline.java:234) ~[na:1.8.0_40]
	at java.util.stream.ReferencePipeline.collect(ReferencePipeline.java:499) ~[na:1.8.0_40]
	at org.springframework.data.repository.core.support.RepositoryFactorySupport$QueryExecutorMethodInterceptor.mapMethodsToQuery(RepositoryFactorySupport.java:548) ~[spring-data-commons-2.0.5.RELEASE.jar:2.0.5.RELEASE]
	at org.springframework.data.repository.core.support.RepositoryFactorySupport$QueryExecutorMethodInterceptor.lambda$new$0(RepositoryFactorySupport.java:538) ~[spring-data-commons-2.0.5.RELEASE.jar:2.0.5.RELEASE]
	at org.springframework.data.repository.core.support.RepositoryFactorySupport$QueryExecutorMethodInterceptor$$Lambda$465/109767760.apply(Unknown Source) ~[na:na]
	at java.util.Optional.map(Optional.java:215) ~[na:1.8.0_40]
	at org.springframework.data.repository.core.support.RepositoryFactorySupport$QueryExecutorMethodInterceptor.<init>(RepositoryFactorySupport.java:538) ~[spring-data-commons-2.0.5.RELEASE.jar:2.0.5.RELEASE]
	at org.springframework.data.repository.core.support.RepositoryFactorySupport.getRepository(RepositoryFactorySupport.java:317) ~[spring-data-commons-2.0.5.RELEASE.jar:2.0.5.RELEASE]
	at org.springframework.data.repository.core.support.RepositoryFactoryBeanSupport.lambda$afterPropertiesSet$3(RepositoryFactoryBeanSupport.java:287) ~[spring-data-commons-2.0.5.RELEASE.jar:2.0.5.RELEASE]
	at org.springframework.data.repository.core.support.RepositoryFactoryBeanSupport$$Lambda$434/1908455234.get(Unknown Source) ~[na:na]
	at org.springframework.data.util.Lazy.getNullable(Lazy.java:141) ~[spring-data-commons-2.0.5.RELEASE.jar:2.0.5.RELEASE]
	at org.springframework.data.util.Lazy.get(Lazy.java:63) ~[spring-data-commons-2.0.5.RELEASE.jar:2.0.5.RELEASE]
	at org.springframework.data.repository.core.support.RepositoryFactoryBeanSupport.afterPropertiesSet(RepositoryFactoryBeanSupport.java:290) ~[spring-data-commons-2.0.5.RELEASE.jar:2.0.5.RELEASE]
	at org.springframework.data.jpa.repository.support.JpaRepositoryFactoryBean.afterPropertiesSet(JpaRepositoryFactoryBean.java:102) ~[spring-data-jpa-2.0.5.RELEASE.jar:2.0.5.RELEASE]
	at org.springframework.beans.factory.support.AbstractAutowireCapableBeanFactory.invokeInitMethods(AbstractAutowireCapableBeanFactory.java:1769) ~[spring-beans-5.0.4.RELEASE.jar:5.0.4.RELEASE]
	at org.springframework.beans.factory.support.AbstractAutowireCapableBeanFactory.initializeBean(AbstractAutowireCapableBeanFactory.java:1706) ~[spring-beans-5.0.4.RELEASE.jar:5.0.4.RELEASE]
	... 59 common frames omitted
Caused by: org.springframework.data.mapping.PropertyReferenceException: No property id found for type FzFile!
	at org.springframework.data.mapping.PropertyPath.<init>(PropertyPath.java:90) ~[spring-data-commons-2.0.5.RELEASE.jar:2.0.5.RELEASE]
	at org.springframework.data.mapping.PropertyPath.create(PropertyPath.java:350) ~[spring-data-commons-2.0.5.RELEASE.jar:2.0.5.RELEASE]
	at org.springframework.data.mapping.PropertyPath.create(PropertyPath.java:330) ~[spring-data-commons-2.0.5.RELEASE.jar:2.0.5.RELEASE]
	at org.springframework.data.mapping.PropertyPath.lambda$from$0(PropertyPath.java:283) ~[spring-data-commons-2.0.5.RELEASE.jar:2.0.5.RELEASE]
	at org.springframework.data.mapping.PropertyPath$$Lambda$489/279513068.apply(Unknown Source) ~[na:na]
	at java.util.concurrent.ConcurrentMap.computeIfAbsent(ConcurrentMap.java:324) ~[na:1.8.0_40]
	at org.springframework.data.mapping.PropertyPath.from(PropertyPath.java:265) ~[spring-data-commons-2.0.5.RELEASE.jar:2.0.5.RELEASE]
	at org.springframework.data.mapping.PropertyPath.from(PropertyPath.java:248) ~[spring-data-commons-2.0.5.RELEASE.jar:2.0.5.RELEASE]
	at org.springframework.data.repository.query.parser.Part.<init>(Part.java:81) ~[spring-data-commons-2.0.5.RELEASE.jar:2.0.5.RELEASE]
	at org.springframework.data.repository.query.parser.PartTree$OrPart.lambda$new$0(PartTree.java:250) ~[spring-data-commons-2.0.5.RELEASE.jar:2.0.5.RELEASE]
	at org.springframework.data.repository.query.parser.PartTree$OrPart$$Lambda$488/567921924.apply(Unknown Source) ~[na:na]
	at java.util.stream.ReferencePipeline$3$1.accept(ReferencePipeline.java:193) ~[na:1.8.0_40]
	at java.util.stream.ReferencePipeline$2$1.accept(ReferencePipeline.java:175) ~[na:1.8.0_40]
	at java.util.Spliterators$ArraySpliterator.forEachRemaining(Spliterators.java:948) ~[na:1.8.0_40]
	at java.util.stream.AbstractPipeline.copyInto(AbstractPipeline.java:512) ~[na:1.8.0_40]
	at java.util.stream.AbstractPipeline.wrapAndCopyInto(AbstractPipeline.java:502) ~[na:1.8.0_40]
	at java.util.stream.ReduceOps$ReduceOp.evaluateSequential(ReduceOps.java:708) ~[na:1.8.0_40]
	at java.util.stream.AbstractPipeline.evaluate(AbstractPipeline.java:234) ~[na:1.8.0_40]
	at java.util.stream.ReferencePipeline.collect(ReferencePipeline.java:499) ~[na:1.8.0_40]
	at org.springframework.data.repository.query.parser.PartTree$OrPart.<init>(PartTree.java:251) ~[spring-data-commons-2.0.5.RELEASE.jar:2.0.5.RELEASE]
	at org.springframework.data.repository.query.parser.PartTree$Predicate.lambda$new$0(PartTree.java:380) ~[spring-data-commons-2.0.5.RELEASE.jar:2.0.5.RELEASE]
	at org.springframework.data.repository.query.parser.PartTree$Predicate$$Lambda$486/1765745171.apply(Unknown Source) ~[na:na]
	at java.util.stream.ReferencePipeline$3$1.accept(ReferencePipeline.java:193) ~[na:1.8.0_40]
	at java.util.stream.ReferencePipeline$2$1.accept(ReferencePipeline.java:175) ~[na:1.8.0_40]
	at java.util.Spliterators$ArraySpliterator.forEachRemaining(Spliterators.java:948) ~[na:1.8.0_40]
	at java.util.stream.AbstractPipeline.copyInto(AbstractPipeline.java:512) ~[na:1.8.0_40]
	at java.util.stream.AbstractPipeline.wrapAndCopyInto(AbstractPipeline.java:502) ~[na:1.8.0_40]
	at java.util.stream.ReduceOps$ReduceOp.evaluateSequential(ReduceOps.java:708) ~[na:1.8.0_40]
	at java.util.stream.AbstractPipeline.evaluate(AbstractPipeline.java:234) ~[na:1.8.0_40]
	at java.util.stream.ReferencePipeline.collect(ReferencePipeline.java:499) ~[na:1.8.0_40]
	at org.springframework.data.repository.query.parser.PartTree$Predicate.<init>(PartTree.java:381) ~[spring-data-commons-2.0.5.RELEASE.jar:2.0.5.RELEASE]
	at org.springframework.data.repository.query.parser.PartTree.<init>(PartTree.java:96) ~[spring-data-commons-2.0.5.RELEASE.jar:2.0.5.RELEASE]
	at org.springframework.data.jpa.repository.query.PartTreeJpaQuery.<init>(PartTreeJpaQuery.java:76) ~[spring-data-jpa-2.0.5.RELEASE.jar:2.0.5.RELEASE]
	... 88 common frames omitted


  .   ____          _            __ _ _
 /\\ / ___'_ __ _ _(_)_ __  __ _ \ \ \ \
( ( )\___ | '_ | '_| | '_ \/ _` | \ \ \ \
 \\/  ___)| |_)| | | | | || (_| |  ) ) ) )
  '  |____| .__|_| |_|_| |_\__, | / / / /
 =========|_|==============|___/=/_/_/_/
 :: Spring Boot ::  (v2.0.0.BUILD-SNAPSHOT)

2018-05-25 10:04:36.042  INFO 212 --- [           main] com.fangzhi.ApplicationTests             : Starting ApplicationTests on DESKTOP-ANIHA2P with PID 212 (started by EDZ in c:\fangzhi\22-fangzhi\webserver)
2018-05-25 10:04:36.043  INFO 212 --- [           main] com.fangzhi.ApplicationTests             : The following profiles are active: dev
2018-05-25 10:04:36.044  INFO 212 --- [           main] ConfigServletWebServerApplicationContext : Refreshing org.springframework.boot.web.servlet.context.AnnotationConfigServletWebServerApplicationContext@402b4f81: startup date [Fri May 25 10:04:36 CST 2018]; root of context hierarchy
2018-05-25 10:04:36.610  INFO 212 --- [           main] trationDelegate$BeanPostProcessorChecker : Bean 'org.springframework.transaction.annotation.ProxyTransactionManagementConfiguration' of type [org.springframework.transaction.annotation.ProxyTransactionManagementConfiguration$$EnhancerBySpringCGLIB$$349e8461] is not eligible for getting processed by all BeanPostProcessors (for example: not eligible for auto-proxying)
2018-05-25 10:04:36.830  INFO 212 --- [           main] o.s.b.w.embedded.tomcat.TomcatWebServer  : Tomcat initialized with port(s): 0 (http)
2018-05-25 10:04:36.831  INFO 212 --- [           main] o.apache.catalina.core.StandardService   : Starting service [Tomcat]
2018-05-25 10:04:36.832  INFO 212 --- [           main] org.apache.catalina.core.StandardEngine  : Starting Servlet Engine: Apache Tomcat/8.5.28
2018-05-25 10:04:36.863  INFO 212 --- [ost-startStop-1] o.a.c.c.C.[Tomcat-1].[localhost].[/]     : Initializing Spring embedded WebApplicationContext
2018-05-25 10:04:36.864  INFO 212 --- [ost-startStop-1] o.s.web.context.ContextLoader            : Root WebApplicationContext: initialization completed in 820 ms
2018-05-25 10:04:37.085  INFO 212 --- [ost-startStop-1] o.s.b.w.servlet.ServletRegistrationBean  : Servlet dispatcherServlet mapped to [/]
2018-05-25 10:04:37.086  INFO 212 --- [ost-startStop-1] o.s.b.w.servlet.FilterRegistrationBean   : Mapping filter: 'characterEncodingFilter' to: [/*]
2018-05-25 10:04:37.086  INFO 212 --- [ost-startStop-1] o.s.b.w.servlet.FilterRegistrationBean   : Mapping filter: 'hiddenHttpMethodFilter' to: [/*]
2018-05-25 10:04:37.086  INFO 212 --- [ost-startStop-1] o.s.b.w.servlet.FilterRegistrationBean   : Mapping filter: 'httpPutFormContentFilter' to: [/*]
2018-05-25 10:04:37.086  INFO 212 --- [ost-startStop-1] o.s.b.w.servlet.FilterRegistrationBean   : Mapping filter: 'requestContextFilter' to: [/*]
2018-05-25 10:04:37.176  INFO 212 --- [           main] com.zaxxer.hikari.HikariDataSource       : HikariPool-2 - Starting...
2018-05-25 10:04:37.187  INFO 212 --- [           main] com.zaxxer.hikari.HikariDataSource       : HikariPool-2 - Start completed.
2018-05-25 10:04:37.203  INFO 212 --- [           main] j.LocalContainerEntityManagerFactoryBean : Building JPA container EntityManagerFactory for persistence unit 'default'
2018-05-25 10:04:37.204  INFO 212 --- [           main] o.hibernate.jpa.internal.util.LogHelper  : HHH000204: Processing PersistenceUnitInfo [
	name: default
	...]
2018-05-25 10:04:37.212  INFO 212 --- [           main] org.hibernate.dialect.Dialect            : HHH000400: Using dialect: org.hibernate.dialect.MySQL5Dialect
2018-05-25 10:04:37.249  INFO 212 --- [           main] j.LocalContainerEntityManagerFactoryBean : Initialized JPA EntityManagerFactory for persistence unit 'default'
2018-05-25 10:04:37.379  WARN 212 --- [           main] ConfigServletWebServerApplicationContext : Exception encountered during context initialization - cancelling refresh attempt: org.springframework.beans.factory.UnsatisfiedDependencyException: Error creating bean with name 'fzFileController': Unsatisfied dependency expressed through field 'fileRepository'; nested exception is org.springframework.beans.factory.BeanCreationException: Error creating bean with name 'fzFileRepository': Invocation of init method failed; nested exception is java.lang.IllegalArgumentException: Failed to create query for method public abstract com.fangzhi.domain.FzFile com.fangzhi.repository.FzFileRepository.findById(java.lang.Long)! No property id found for type FzFile!
2018-05-25 10:04:37.379  INFO 212 --- [           main] j.LocalContainerEntityManagerFactoryBean : Closing JPA EntityManagerFactory for persistence unit 'default'
2018-05-25 10:04:37.380  INFO 212 --- [           main] com.zaxxer.hikari.HikariDataSource       : HikariPool-2 - Shutdown initiated...
2018-05-25 10:04:37.402  INFO 212 --- [           main] com.zaxxer.hikari.HikariDataSource       : HikariPool-2 - Shutdown completed.
2018-05-25 10:04:37.402  INFO 212 --- [           main] o.apache.catalina.core.StandardService   : Stopping service [Tomcat]
2018-05-25 10:04:37.411  INFO 212 --- [           main] ConditionEvaluationReportLoggingListener : 

Error starting ApplicationContext. To display the conditions report re-run your application with 'debug' enabled.
2018-05-25 10:04:37.417 ERROR 212 --- [           main] o.s.boot.SpringApplication               : Application run failed

org.springframework.beans.factory.UnsatisfiedDependencyException: Error creating bean with name 'fzFileController': Unsatisfied dependency expressed through field 'fileRepository'; nested exception is org.springframework.beans.factory.BeanCreationException: Error creating bean with name 'fzFileRepository': Invocation of init method failed; nested exception is java.lang.IllegalArgumentException: Failed to create query for method public abstract com.fangzhi.domain.FzFile com.fangzhi.repository.FzFileRepository.findById(java.lang.Long)! No property id found for type FzFile!
	at org.springframework.beans.factory.annotation.AutowiredAnnotationBeanPostProcessor$AutowiredFieldElement.inject(AutowiredAnnotationBeanPostProcessor.java:587) ~[spring-beans-5.0.4.RELEASE.jar:5.0.4.RELEASE]
	at org.springframework.beans.factory.annotation.InjectionMetadata.inject(InjectionMetadata.java:91) ~[spring-beans-5.0.4.RELEASE.jar:5.0.4.RELEASE]
	at org.springframework.beans.factory.annotation.AutowiredAnnotationBeanPostProcessor.postProcessPropertyValues(AutowiredAnnotationBeanPostProcessor.java:373) ~[spring-beans-5.0.4.RELEASE.jar:5.0.4.RELEASE]
	at org.springframework.beans.factory.support.AbstractAutowireCapableBeanFactory.populateBean(AbstractAutowireCapableBeanFactory.java:1344) ~[spring-beans-5.0.4.RELEASE.jar:5.0.4.RELEASE]
	at org.springframework.beans.factory.support.AbstractAutowireCapableBeanFactory.doCreateBean(AbstractAutowireCapableBeanFactory.java:582) ~[spring-beans-5.0.4.RELEASE.jar:5.0.4.RELEASE]
	at org.springframework.beans.factory.support.AbstractAutowireCapableBeanFactory.createBean(AbstractAutowireCapableBeanFactory.java:502) ~[spring-beans-5.0.4.RELEASE.jar:5.0.4.RELEASE]
	at org.springframework.beans.factory.support.AbstractBeanFactory.lambda$doGetBean$0(AbstractBeanFactory.java:312) ~[spring-beans-5.0.4.RELEASE.jar:5.0.4.RELEASE]
	at org.springframework.beans.factory.support.AbstractBeanFactory$$Lambda$112/508378341.getObject(Unknown Source) ~[na:na]
	at org.springframework.beans.factory.support.DefaultSingletonBeanRegistry.getSingleton(DefaultSingletonBeanRegistry.java:228) ~[spring-beans-5.0.4.RELEASE.jar:5.0.4.RELEASE]
	at org.springframework.beans.factory.support.AbstractBeanFactory.doGetBean(AbstractBeanFactory.java:310) ~[spring-beans-5.0.4.RELEASE.jar:5.0.4.RELEASE]
	at org.springframework.beans.factory.support.AbstractBeanFactory.getBean(AbstractBeanFactory.java:200) ~[spring-beans-5.0.4.RELEASE.jar:5.0.4.RELEASE]
	at org.springframework.beans.factory.support.DefaultListableBeanFactory.preInstantiateSingletons(DefaultListableBeanFactory.java:760) ~[spring-beans-5.0.4.RELEASE.jar:5.0.4.RELEASE]
	at org.springframework.context.support.AbstractApplicationContext.finishBeanFactoryInitialization(AbstractApplicationContext.java:868) ~[spring-context-5.0.4.RELEASE.jar:5.0.4.RELEASE]
	at org.springframework.context.support.AbstractApplicationContext.refresh(AbstractApplicationContext.java:549) ~[spring-context-5.0.4.RELEASE.jar:5.0.4.RELEASE]
	at org.springframework.boot.web.servlet.context.ServletWebServerApplicationContext.refresh(ServletWebServerApplicationContext.java:140) ~[spring-boot-2.0.0.BUILD-SNAPSHOT.jar:2.0.0.BUILD-SNAPSHOT]
	at org.springframework.boot.SpringApplication.refresh(SpringApplication.java:752) ~[spring-boot-2.0.0.BUILD-SNAPSHOT.jar:2.0.0.BUILD-SNAPSHOT]
	at org.springframework.boot.SpringApplication.refreshContext(SpringApplication.java:388) ~[spring-boot-2.0.0.BUILD-SNAPSHOT.jar:2.0.0.BUILD-SNAPSHOT]
	at org.springframework.boot.SpringApplication.run(SpringApplication.java:327) ~[spring-boot-2.0.0.BUILD-SNAPSHOT.jar:2.0.0.BUILD-SNAPSHOT]
	at org.springframework.boot.test.context.SpringBootContextLoader.loadContext(SpringBootContextLoader.java:138) [spring-boot-test-2.0.0.BUILD-SNAPSHOT.jar:2.0.0.BUILD-SNAPSHOT]
	at org.springframework.test.context.cache.DefaultCacheAwareContextLoaderDelegate.loadContextInternal(DefaultCacheAwareContextLoaderDelegate.java:99) [spring-test-5.0.4.RELEASE.jar:5.0.4.RELEASE]
	at org.springframework.test.context.cache.DefaultCacheAwareContextLoaderDelegate.loadContext(DefaultCacheAwareContextLoaderDelegate.java:117) [spring-test-5.0.4.RELEASE.jar:5.0.4.RELEASE]
	at org.springframework.test.context.support.DefaultTestContext.getApplicationContext(DefaultTestContext.java:107) [spring-test-5.0.4.RELEASE.jar:5.0.4.RELEASE]
	at org.springframework.boot.test.autoconfigure.SpringBootDependencyInjectionTestExecutionListener.outputConditionEvaluationReport(SpringBootDependencyInjectionTestExecutionListener.java:54) [spring-boot-test-autoconfigure-2.0.0.BUILD-SNAPSHOT.jar:2.0.0.BUILD-SNAPSHOT]
	at org.springframework.boot.test.autoconfigure.SpringBootDependencyInjectionTestExecutionListener.prepareTestInstance(SpringBootDependencyInjectionTestExecutionListener.java:47) [spring-boot-test-autoconfigure-2.0.0.BUILD-SNAPSHOT.jar:2.0.0.BUILD-SNAPSHOT]
	at org.springframework.test.context.TestContextManager.prepareTestInstance(TestContextManager.java:242) [spring-test-5.0.4.RELEASE.jar:5.0.4.RELEASE]
	at org.springframework.test.context.junit4.SpringJUnit4ClassRunner.createTest(SpringJUnit4ClassRunner.java:227) [spring-test-5.0.4.RELEASE.jar:5.0.4.RELEASE]
	at org.springframework.test.context.junit4.SpringJUnit4ClassRunner$1.runReflectiveCall(SpringJUnit4ClassRunner.java:289) [spring-test-5.0.4.RELEASE.jar:5.0.4.RELEASE]
	at org.junit.internal.runners.model.ReflectiveCallable.run(ReflectiveCallable.java:12) [junit-4.12.jar:4.12]
	at org.springframework.test.context.junit4.SpringJUnit4ClassRunner.methodBlock(SpringJUnit4ClassRunner.java:291) [spring-test-5.0.4.RELEASE.jar:5.0.4.RELEASE]
	at org.springframework.test.context.junit4.SpringJUnit4ClassRunner.runChild(SpringJUnit4ClassRunner.java:246) [spring-test-5.0.4.RELEASE.jar:5.0.4.RELEASE]
	at org.springframework.test.context.junit4.SpringJUnit4ClassRunner.runChild(SpringJUnit4ClassRunner.java:97) [spring-test-5.0.4.RELEASE.jar:5.0.4.RELEASE]
	at org.junit.runners.ParentRunner$3.run(ParentRunner.java:290) [junit-4.12.jar:4.12]
	at org.junit.runners.ParentRunner$1.schedule(ParentRunner.java:71) [junit-4.12.jar:4.12]
	at org.junit.runners.ParentRunner.runChildren(ParentRunner.java:288) [junit-4.12.jar:4.12]
	at org.junit.runners.ParentRunner.access$000(ParentRunner.java:58) [junit-4.12.jar:4.12]
	at org.junit.runners.ParentRunner$2.evaluate(ParentRunner.java:268) [junit-4.12.jar:4.12]
	at org.springframework.test.context.junit4.statements.RunBeforeTestClassCallbacks.evaluate(RunBeforeTestClassCallbacks.java:61) [spring-test-5.0.4.RELEASE.jar:5.0.4.RELEASE]
	at org.springframework.test.context.junit4.statements.RunAfterTestClassCallbacks.evaluate(RunAfterTestClassCallbacks.java:70) [spring-test-5.0.4.RELEASE.jar:5.0.4.RELEASE]
	at org.junit.runners.ParentRunner.run(ParentRunner.java:363) [junit-4.12.jar:4.12]
	at org.springframework.test.context.junit4.SpringJUnit4ClassRunner.run(SpringJUnit4ClassRunner.java:190) [spring-test-5.0.4.RELEASE.jar:5.0.4.RELEASE]
	at org.apache.maven.surefire.junit4.JUnit4Provider.execute(JUnit4Provider.java:369) [surefire-junit4-2.20.1.jar:2.20.1]
	at org.apache.maven.surefire.junit4.JUnit4Provider.executeWithRerun(JUnit4Provider.java:275) [surefire-junit4-2.20.1.jar:2.20.1]
	at org.apache.maven.surefire.junit4.JUnit4Provider.executeTestSet(JUnit4Provider.java:239) [surefire-junit4-2.20.1.jar:2.20.1]
	at org.apache.maven.surefire.junit4.JUnit4Provider.invoke(JUnit4Provider.java:160) [surefire-junit4-2.20.1.jar:2.20.1]
	at org.apache.maven.surefire.booter.ForkedBooter.invokeProviderInSameClassLoader(ForkedBooter.java:373) [surefire-booter-2.20.1.jar:2.20.1]
	at org.apache.maven.surefire.booter.ForkedBooter.runSuitesInProcess(ForkedBooter.java:334) [surefire-booter-2.20.1.jar:2.20.1]
	at org.apache.maven.surefire.booter.ForkedBooter.execute(ForkedBooter.java:119) [surefire-booter-2.20.1.jar:2.20.1]
	at org.apache.maven.surefire.booter.ForkedBooter.main(ForkedBooter.java:407) [surefire-booter-2.20.1.jar:2.20.1]
Caused by: org.springframework.beans.factory.BeanCreationException: Error creating bean with name 'fzFileRepository': Invocation of init method failed; nested exception is java.lang.IllegalArgumentException: Failed to create query for method public abstract com.fangzhi.domain.FzFile com.fangzhi.repository.FzFileRepository.findById(java.lang.Long)! No property id found for type FzFile!
	at org.springframework.beans.factory.support.AbstractAutowireCapableBeanFactory.initializeBean(AbstractAutowireCapableBeanFactory.java:1710) ~[spring-beans-5.0.4.RELEASE.jar:5.0.4.RELEASE]
	at org.springframework.beans.factory.support.AbstractAutowireCapableBeanFactory.doCreateBean(AbstractAutowireCapableBeanFactory.java:583) ~[spring-beans-5.0.4.RELEASE.jar:5.0.4.RELEASE]
	at org.springframework.beans.factory.support.AbstractAutowireCapableBeanFactory.createBean(AbstractAutowireCapableBeanFactory.java:502) ~[spring-beans-5.0.4.RELEASE.jar:5.0.4.RELEASE]
	at org.springframework.beans.factory.support.AbstractBeanFactory.lambda$doGetBean$0(AbstractBeanFactory.java:312) ~[spring-beans-5.0.4.RELEASE.jar:5.0.4.RELEASE]
[...]

java.lang.IllegalStateException: Failed to load ApplicationContext
	at org.springframework.test.context.cache.DefaultCacheAwareContextLoaderDelegate.loadContext(DefaultCacheAwareContextLoaderDelegate.java:125) ~[spring-test-5.0.4.RELEASE.jar:5.0.4.RELEASE]
	at org.springframework.test.context.support.DefaultTestContext.getApplicationContext(DefaultTestContext.java:107) ~[spring-test-5.0.4.RELEASE.jar:5.0.4.RELEASE]
	at org.springframework.test.context.support.DependencyInjectionTestExecutionListener.injectDependencies(DependencyInjectionTestExecutionListener.java:117) ~[spring-test-5.0.4.RELEASE.jar:5.0.4.RELEASE]
	at org.springframework.test.context.support.DependencyInjectionTestExecutionListener.prepareTestInstance(DependencyInjectionTestExecutionListener.java:83) ~[spring-test-5.0.4.RELEASE.jar:5.0.4.RELEASE]
	at org.springframework.boot.test.autoconfigure.SpringBootDependencyInjectionTestExecutionListener.prepareTestInstance(SpringBootDependencyInjectionTestExecutionListener.java:44) ~[spring-boot-test-autoconfigure-2.0.0.BUILD-SNAPSHOT.jar:2.0.0.BUILD-SNAPSHOT]
	at org.springframework.test.context.TestContextManager.prepareTestInstance(TestContextManager.java:242) ~[spring-test-5.0.4.RELEASE.jar:5.0.4.RELEASE]
	at org.springframework.test.context.junit4.SpringJUnit4ClassRunner.createTest(SpringJUnit4ClassRunner.java:227) [spring-test-5.0.4.RELEASE.jar:5.0.4.RELEASE]
	at org.springframework.test.context.junit4.SpringJUnit4ClassRunner$1.runReflectiveCall(SpringJUnit4ClassRunner.java:289) [spring-test-5.0.4.RELEASE.jar:5.0.4.RELEASE]
	at org.junit.internal.runners.model.ReflectiveCallable.run(ReflectiveCallable.java:12) [junit-4.12.jar:4.12]
	at org.springframework.test.context.junit4.SpringJUnit4ClassRunner.methodBlock(SpringJUnit4ClassRunner.java:291) [spring-test-5.0.4.RELEASE.jar:5.0.4.RELEASE]
	at org.springframework.test.context.junit4.SpringJUnit4ClassRunner.runChild(SpringJUnit4ClassRunner.java:246) [spring-test-5.0.4.RELEASE.jar:5.0.4.RELEASE]
	at org.springframework.test.context.junit4.SpringJUnit4ClassRunner.runChild(SpringJUnit4ClassRunner.java:97) [spring-test-5.0.4.RELEASE.jar:5.0.4.RELEASE]
	at org.junit.runners.ParentRunner$3.run(ParentRunner.java:290) [junit-4.12.jar:4.12]
	at org.junit.runners.ParentRunner$1.schedule(ParentRunner.java:71) [junit-4.12.jar:4.12]
	at org.junit.runners.ParentRunner.runChildren(ParentRunner.java:288) [junit-4.12.jar:4.12]
	at org.junit.runners.ParentRunner.access$000(ParentRunner.java:58) [junit-4.12.jar:4.12]
	at org.junit.runners.ParentRunner$2.evaluate(ParentRunner.java:268) [junit-4.12.jar:4.12]
	at org.springframework.test.context.junit4.statements.RunBeforeTestClassCallbacks.evaluate(RunBeforeTestClassCallbacks.java:61) [spring-test-5.0.4.RELEASE.jar:5.0.4.RELEASE]
	at org.springframework.test.context.junit4.statements.RunAfterTestClassCallbacks.evaluate(RunAfterTestClassCallbacks.java:70) [spring-test-5.0.4.RELEASE.jar:5.0.4.RELEASE]
	at org.junit.runners.ParentRunner.run(ParentRunner.java:363) [junit-4.12.jar:4.12]
	at org.springframework.test.context.junit4.SpringJUnit4ClassRunner.run(SpringJUnit4ClassRunner.java:190) [spring-test-5.0.4.RELEASE.jar:5.0.4.RELEASE]
	at org.apache.maven.surefire.junit4.JUnit4Provider.execute(JUnit4Provider.java:369) [surefire-junit4-2.20.1.jar:2.20.1]
	at org.apache.maven.surefire.junit4.JUnit4Provider.executeWithRerun(JUnit4Provider.java:275) [surefire-junit4-2.20.1.jar:2.20.1]
	at org.apache.maven.surefire.junit4.JUnit4Provider.executeTestSet(JUnit4Provider.java:239) [surefire-junit4-2.20.1.jar:2.20.1]
	at org.apache.maven.surefire.junit4.JUnit4Provider.invoke(JUnit4Provider.java:160) [surefire-junit4-2.20.1.jar:2.20.1]
	at org.apache.maven.surefire.booter.ForkedBooter.invokeProviderInSameClassLoader(ForkedBooter.java:373) [surefire-booter-2.20.1.jar:2.20.1]
	at org.apache.maven.surefire.booter.ForkedBooter.runSuitesInProcess(ForkedBooter.java:334) [surefire-booter-2.20.1.jar:2.20.1]
	at org.apache.maven.surefire.booter.ForkedBooter.execute(ForkedBooter.java:119) [surefire-booter-2.20.1.jar:2.20.1]
	at org.apache.maven.surefire.booter.ForkedBooter.main(ForkedBooter.java:407) [surefire-booter-2.20.1.jar:2.20.1]
Caused by: org.springframework.beans.factory.UnsatisfiedDependencyException: Error creating bean with name 'fzFileController': Unsatisfied dependency expressed through field 'fileRepository'; nested exception is org.springframework.beans.factory.BeanCreationException: Error creating bean with name 'fzFileRepository': Invocation of init method failed; nested exception is java.lang.IllegalArgumentException: Failed to create query for method public abstract com.fangzhi.domain.FzFile com.fangzhi.repository.FzFileRepository.findById(java.lang.Long)! No property id found for type FzFile!
	at org.springframework.beans.factory.annotation.AutowiredAnnotationBeanPostProcessor$AutowiredFieldElement.inject(AutowiredAnnotationBeanPostProcessor.java:587) ~[spring-beans-5.0.4.RELEASE.jar:5.0.4.RELEASE]
	at org.springframework.beans.factory.annotation.InjectionMetadata.inject(InjectionMetadata.java:91) ~[spring-beans-5.0.4.RELEASE.jar:5.0.4.RELEASE]
	at org.springframework.beans.factory.annotation.AutowiredAnnotationBeanPostProcessor.postProcessPropertyValues(AutowiredAnnotationBeanPostProcessor.java:373) ~[spring-beans-5.0.4.RELEASE.jar:5.0.4.RELEASE]
	at org.springframework.beans.factory.support.AbstractAutowireCapableBeanFactory.populateBean(AbstractAutowireCapableBeanFactory.java:1344) ~[spring-beans-5.0.4.RELEASE.jar:5.0.4.RELEASE]
	at org.springframework.beans.factory.support.AbstractAutowireCapableBeanFactory.doCreateBean(AbstractAutowireCapableBeanFactory.java:582) ~[spring-beans-5.0.4.RELEASE.jar:5.0.4.RELEASE]
	at org.springframework.beans.factory.support.AbstractAutowireCapableBeanFactory.createBean(AbstractAutowireCapableBeanFactory.java:502) ~[spring-beans-5.0.4.RELEASE.jar:5.0.4.RELEASE]
	at org.springframework.beans.factory.support.AbstractBeanFactory.lambda$doGetBean$0(AbstractBeanFactory.java:312) ~[spring-beans-5.0.4.RELEASE.jar:5.0.4.RELEASE]
	at org.springframework.beans.factory.support.AbstractBeanFactory$$Lambda$112/508378341.getObject(Unknown Source) ~[na:na]
	at org.springframework.beans.factory.support.DefaultSingletonBeanRegistry.getSingleton(DefaultSingletonBeanRegistry.java:228) ~[spring-beans-5.0.4.RELEASE.jar:5.0.4.RELEASE]
	at org.springframework.beans.factory.support.AbstractBeanFactory.doGetBean(AbstractBeanFactory.java:310) ~[spring-beans-5.0.4.RELEASE.jar:5.0.4.RELEASE]
	at org.springframework.beans.factory.support.AbstractBeanFactory.getBean(AbstractBeanFactory.java:200) ~[spring-beans-5.0.4.RELEASE.jar:5.0.4.RELEASE]
	at org.springframework.beans.factory.support.DefaultListableBeanFactory.preInstantiateSingletons(DefaultListableBeanFactory.java:760) ~[spring-beans-5.0.4.RELEASE.jar:5.0.4.RELEASE]
	at org.springframework.context.support.AbstractApplicationContext.finishBeanFactoryInitialization(AbstractApplicationContext.java:868) ~[spring-context-5.0.4.RELEASE.jar:5.0.4.RELEASE]
	at org.springframework.context.support.AbstractApplicationContext.refresh(AbstractApplicationContext.java:549) ~[spring-context-5.0.4.RELEASE.jar:5.0.4.RELEASE]
	at org.springframework.boot.web.servlet.context.ServletWebServerApplicationContext.refresh(ServletWebServerApplicationContext.java:140) ~[spring-boot-2.0.0.BUILD-SNAPSHOT.jar:2.0.0.BUILD-SNAPSHOT]
	at org.springframework.boot.SpringApplication.refresh(SpringApplication.java:752) ~[spring-boot-2.0.0.BUILD-SNAPSHOT.jar:2.0.0.BUILD-SNAPSHOT]
	at org.springframework.boot.SpringApplication.refreshContext(SpringApplication.java:388) ~[spring-boot-2.0.0.BUILD-SNAPSHOT.jar:2.0.0.BUILD-SNAPSHOT]
	at org.springframework.boot.SpringApplication.run(SpringApplication.java:327) ~[spring-boot-2.0.0.BUILD-SNAPSHOT.jar:2.0.0.BUILD-SNAPSHOT]
	at org.springframework.boot.test.context.SpringBootContextLoader.loadContext(SpringBootContextLoader.java:138) ~[spring-boot-test-2.0.0.BUILD-SNAPSHOT.jar:2.0.0.BUILD-SNAPSHOT]
	at org.springframework.test.context.cache.DefaultCacheAwareContextLoaderDelegate.loadContextInternal(DefaultCacheAwareContextLoaderDelegate.java:99) ~[spring-test-5.0.4.RELEASE.jar:5.0.4.RELEASE]
	at org.springframework.test.context.cache.DefaultCacheAwareContextLoaderDelegate.loadContext(DefaultCacheAwareContextLoaderDelegate.java:117) ~[spring-test-5.0.4.RELEASE.jar:5.0.4.RELEASE]
	... 28 common frames omitted
Caused by: org.springframework.beans.factory.BeanCreationException: Error creating bean with name 'fzFileRepository': Invocation of init method failed; nested exception is java.lang.IllegalArgumentException: Failed to create query for method public abstract com.fangzhi.domain.FzFile com.fangzhi.repository.FzFileRepository.findById(java.lang.Long)! No property id found for type FzFile!
	at org.springframework.beans.factory.support.AbstractAutowireCapableBeanFactory.initializeBean(AbstractAutowireCapableBeanFactory.java:1710) ~[spring-beans-5.0.4.RELEASE.jar:5.0.4.RELEASE]
	at org.springframework.beans.factory.support.AbstractAutowireCapableBeanFactory.doCreateBean(AbstractAutowireCapableBeanFactory.java:583) ~[spring-beans-5.0.4.RELEASE.jar:5.0.4.RELEASE]
	at org.springframework.beans.factory.support.AbstractAutowireCapableBeanFactory.createBean(AbstractAutowireCapableBeanFactory.java:502) ~[spring-beans-5.0.4.RELEASE.jar:5.0.4.RELEASE]
	at org.springframework.beans.factory.support.AbstractBeanFactory.lambda$doGetBean$0(AbstractBeanFactory.java:312) ~[spring-beans-5.0.4.RELEASE.jar:5.0.4.RELEASE]
	at org.springframework.beans.factory.support.AbstractBeanFactory$$Lambda$112/508378341.getObject(Unknown Source) ~[na:na]
	at org.springframework.beans.factory.support.DefaultSingletonBeanRegistry.getSingleton(DefaultSingletonBeanRegistry.java:228) ~[spring-beans-5.0.4.RELEASE.jar:5.0.4.RELEASE]
	at org.springframework.beans.factory.support.AbstractBeanFactory.doGetBean(AbstractBeanFactory.java:310) ~[spring-beans-5.0.4.RELEASE.jar:5.0.4.RELEASE]
	at org.springframework.beans.factory.support.AbstractBeanFactory.getBean(AbstractBeanFactory.java:200) ~[spring-beans-5.0.4.RELEASE.jar:5.0.4.RELEASE]
	at org.springframework.beans.factory.config.DependencyDescriptor.resolveCandidate(DependencyDescriptor.java:251) ~[spring-beans-5.0.4.RELEASE.jar:5.0.4.RELEASE]
	at org.springframework.beans.factory.support.DefaultListableBeanFactory.doResolveDependency(DefaultListableBeanFactory.java:1138) ~[spring-beans-5.0.4.RELEASE.jar:5.0.4.RELEASE]
	at org.springframework.beans.factory.support.DefaultListableBeanFactory.resolveDependency(DefaultListableBeanFactory.java:1065) ~[spring-beans-5.0.4.RELEASE.jar:5.0.4.RELEASE]
	at org.springframework.beans.factory.annotation.AutowiredAnnotationBeanPostProcessor$AutowiredFieldElement.inject(AutowiredAnnotationBeanPostProcessor.java:584) ~[spring-beans-5.0.4.RELEASE.jar:5.0.4.RELEASE]
	... 48 common frames omitted
Caused by: java.lang.IllegalArgumentException: Failed to create query for method public abstract com.fangzhi.domain.FzFile com.fangzhi.repository.FzFileRepository.findById(java.lang.Long)! No property id found for type FzFile!
	at org.springframework.data.jpa.repository.query.PartTreeJpaQuery.<init>(PartTreeJpaQuery.java:82) ~[spring-data-jpa-2.0.5.RELEASE.jar:2.0.5.RELEASE]
	at org.springframework.data.jpa.repository.query.JpaQueryLookupStrategy$CreateQueryLookupStrategy.resolveQuery(JpaQueryLookupStrategy.java:103) ~[spring-data-jpa-2.0.5.RELEASE.jar:2.0.5.RELEASE]
	at org.springframework.data.jpa.repository.query.JpaQueryLookupStrategy$CreateIfNotFoundQueryLookupStrategy.resolveQuery(JpaQueryLookupStrategy.java:208) ~[spring-data-jpa-2.0.5.RELEASE.jar:2.0.5.RELEASE]
	at org.springframework.data.jpa.repository.query.JpaQueryLookupStrategy$AbstractQueryLookupStrategy.resolveQuery(JpaQueryLookupStrategy.java:79) ~[spring-data-jpa-2.0.5.RELEASE.jar:2.0.5.RELEASE]
	at org.springframework.data.repository.core.support.RepositoryFactorySupport$QueryExecutorMethodInterceptor.lookupQuery(RepositoryFactorySupport.java:553) ~[spring-data-commons-2.0.5.RELEASE.jar:2.0.5.RELEASE]
	at org.springframework.data.repository.core.support.RepositoryFactorySupport$QueryExecutorMethodInterceptor.lambda$mapMethodsToQuery$1(RepositoryFactorySupport.java:546) ~[spring-data-commons-2.0.5.RELEASE.jar:2.0.5.RELEASE]
	at org.springframework.data.repository.core.support.RepositoryFactorySupport$QueryExecutorMethodInterceptor$$Lambda$469/1411675719.apply(Unknown Source) ~[na:na]
	at java.util.stream.ReferencePipeline$3$1.accept(ReferencePipeline.java:193) ~[na:1.8.0_40]
	at java.util.Iterator.forEachRemaining(Iterator.java:116) ~[na:1.8.0_40]
	at java.util.Collections$UnmodifiableCollection$1.forEachRemaining(Collections.java:1049) ~[na:1.8.0_40]
	at java.util.Spliterators$IteratorSpliterator.forEachRemaining(Spliterators.java:1801) ~[na:1.8.0_40]
	at java.util.stream.AbstractPipeline.copyInto(AbstractPipeline.java:512) ~[na:1.8.0_40]
	at java.util.stream.AbstractPipeline.wrapAndCopyInto(AbstractPipeline.java:502) ~[na:1.8.0_40]
	at java.util.stream.ReduceOps$ReduceOp.evaluateSequential(ReduceOps.java:708) ~[na:1.8.0_40]
	at java.util.stream.AbstractPipeline.evaluate(AbstractPipeline.java:234) ~[na:1.8.0_40]
	at java.util.stream.ReferencePipeline.collect(ReferencePipeline.java:499) ~[na:1.8.0_40]
	at org.springframework.data.repository.core.support.RepositoryFactorySupport$QueryExecutorMethodInterceptor.mapMethodsToQuery(RepositoryFactorySupport.java:548) ~[spring-data-commons-2.0.5.RELEASE.jar:2.0.5.RELEASE]
	at org.springframework.data.repository.core.support.RepositoryFactorySupport$QueryExecutorMethodInterceptor.lambda$new$0(RepositoryFactorySupport.java:538) ~[spring-data-commons-2.0.5.RELEASE.jar:2.0.5.RELEASE]
	at org.springframework.data.repository.core.support.RepositoryFactorySupport$QueryExecutorMethodInterceptor$$Lambda$465/109767760.apply(Unknown Source) ~[na:na]
	at java.util.Optional.map(Optional.java:215) ~[na:1.8.0_40]
	at org.springframework.data.repository.core.support.RepositoryFactorySupport$QueryExecutorMethodInterceptor.<init>(RepositoryFactorySupport.java:538) ~[spring-data-commons-2.0.5.RELEASE.jar:2.0.5.RELEASE]
	at org.springframework.data.repository.core.support.RepositoryFactorySupport.getRepository(RepositoryFactorySupport.java:317) ~[spring-data-commons-2.0.5.RELEASE.jar:2.0.5.RELEASE]
	at org.springframework.data.repository.core.support.RepositoryFactoryBeanSupport.lambda$afterPropertiesSet$3(RepositoryFactoryBeanSupport.java:287) ~[spring-data-commons-2.0.5.RELEASE.jar:2.0.5.RELEASE]
	at org.springframework.data.repository.core.support.RepositoryFactoryBeanSupport$$Lambda$434/1908455234.get(Unknown Source) ~[na:na]
	at org.springframework.data.util.Lazy.getNullable(Lazy.java:141) ~[spring-data-commons-2.0.5.RELEASE.jar:2.0.5.RELEASE]
	at org.springframework.data.util.Lazy.get(Lazy.java:63) ~[spring-data-commons-2.0.5.RELEASE.jar:2.0.5.RELEASE]
	at org.springframework.data.repository.core.support.RepositoryFactoryBeanSupport.afterPropertiesSet(RepositoryFactoryBeanSupport.java:290) ~[spring-data-commons-2.0.5.RELEASE.jar:2.0.5.RELEASE]
	at org.springframework.data.jpa.repository.support.JpaRepositoryFactoryBean.afterPropertiesSet(JpaRepositoryFactoryBean.java:102) ~[spring-data-jpa-2.0.5.RELEASE.jar:2.0.5.RELEASE]
	at org.springframework.beans.factory.support.AbstractAutowireCapableBeanFactory.invokeInitMethods(AbstractAutowireCapableBeanFactory.java:1769) ~[spring-beans-5.0.4.RELEASE.jar:5.0.4.RELEASE]
	at org.springframework.beans.factory.support.AbstractAutowireCapableBeanFactory.initializeBean(AbstractAutowireCapableBeanFactory.java:1706) ~[spring-beans-5.0.4.RELEASE.jar:5.0.4.RELEASE]
	... 59 common frames omitted
Caused by: org.springframework.data.mapping.PropertyReferenceException: No property id found for type FzFile!
	at org.springframework.data.mapping.PropertyPath.<init>(PropertyPath.java:90) ~[spring-data-commons-2.0.5.RELEASE.jar:2.0.5.RELEASE]
	at org.springframework.data.mapping.PropertyPath.create(PropertyPath.java:350) ~[spring-data-commons-2.0.5.RELEASE.jar:2.0.5.RELEASE]
	at org.springframework.data.mapping.PropertyPath.create(PropertyPath.java:330) ~[spring-data-commons-2.0.5.RELEASE.jar:2.0.5.RELEASE]
	at org.springframework.data.mapping.PropertyPath.lambda$from$0(PropertyPath.java:283) ~[spring-data-commons-2.0.5.RELEASE.jar:2.0.5.RELEASE]
	at org.springframework.data.mapping.PropertyPath$$Lambda$489/279513068.apply(Unknown Source) ~[na:na]
	at java.util.concurrent.ConcurrentMap.computeIfAbsent(ConcurrentMap.java:324) ~[na:1.8.0_40]
	at org.springframework.data.mapping.PropertyPath.from(PropertyPath.java:265) ~[spring-data-commons-2.0.5.RELEASE.jar:2.0.5.RELEASE]
	at org.springframework.data.mapping.PropertyPath.from(PropertyPath.java:248) ~[spring-data-commons-2.0.5.RELEASE.jar:2.0.5.RELEASE]
	at org.springframework.data.repository.query.parser.Part.<init>(Part.java:81) ~[spring-data-commons-2.0.5.RELEASE.jar:2.0.5.RELEASE]
	at org.springframework.data.repository.query.parser.PartTree$OrPart.lambda$new$0(PartTree.java:250) ~[spring-data-commons-2.0.5.RELEASE.jar:2.0.5.RELEASE]
	at org.springframework.data.repository.query.parser.PartTree$OrPart$$Lambda$488/567921924.apply(Unknown Source) ~[na:na]
	at java.util.stream.ReferencePipeline$3$1.accept(ReferencePipeline.java:193) ~[na:1.8.0_40]
	at java.util.stream.ReferencePipeline$2$1.accept(ReferencePipeline.java:175) ~[na:1.8.0_40]
	at java.util.Spliterators$ArraySpliterator.forEachRemaining(Spliterators.java:948) ~[na:1.8.0_40]
	at java.util.stream.AbstractPipeline.copyInto(AbstractPipeline.java:512) ~[na:1.8.0_40]
	at java.util.stream.AbstractPipeline.wrapAndCopyInto(AbstractPipeline.java:502) ~[na:1.8.0_40]
	at java.util.stream.ReduceOps$ReduceOp.evaluateSequential(ReduceOps.java:708) ~[na:1.8.0_40]
	at java.util.stream.AbstractPipeline.evaluate(AbstractPipeline.java:234) ~[na:1.8.0_40]
	at java.util.stream.ReferencePipeline.collect(ReferencePipeline.java:499) ~[na:1.8.0_40]
	at org.springframework.data.repository.query.parser.PartTree$OrPart.<init>(PartTree.java:251) ~[spring-data-commons-2.0.5.RELEASE.jar:2.0.5.RELEASE]
	at org.springframework.data.repository.query.parser.PartTree$Predicate.lambda$new$0(PartTree.java:380) ~[spring-data-commons-2.0.5.RELEASE.jar:2.0.5.RELEASE]
	at org.springframework.data.repository.query.parser.PartTree$Predicate$$Lambda$486/1765745171.apply(Unknown Source) ~[na:na]
	at java.util.stream.ReferencePipeline$3$1.accept(ReferencePipeline.java:193) ~[na:1.8.0_40]
	at java.util.stream.ReferencePipeline$2$1.accept(ReferencePipeline.java:175) ~[na:1.8.0_40]
	at java.util.Spliterators$ArraySpliterator.forEachRemaining(Spliterators.java:948) ~[na:1.8.0_40]
	at java.util.stream.AbstractPipeline.copyInto(AbstractPipeline.java:512) ~[na:1.8.0_40]
	at java.util.stream.AbstractPipeline.wrapAndCopyInto(AbstractPipeline.java:502) ~[na:1.8.0_40]
	at java.util.stream.ReduceOps$ReduceOp.evaluateSequential(ReduceOps.java:708) ~[na:1.8.0_40]
	at java.util.stream.AbstractPipeline.evaluate(AbstractPipeline.java:234) ~[na:1.8.0_40]
	at java.util.stream.ReferencePipeline.collect(ReferencePipeline.java:499) ~[na:1.8.0_40]
	at org.springframework.data.repository.query.parser.PartTree$Predicate.<init>(PartTree.java:381) ~[spring-data-commons-2.0.5.RELEASE.jar:2.0.5.RELEASE]
	at org.springframework.data.repository.query.parser.PartTree.<init>(PartTree.java:96) ~[spring-data-commons-2.0.5.RELEASE.jar:2.0.5.RELEASE]
	at org.springframework.data.jpa.repository.query.PartTreeJpaQuery.<init>(PartTreeJpaQuery.java:76) ~[spring-data-jpa-2.0.5.RELEASE.jar:2.0.5.RELEASE]
	... 88 common frames omitted

]]></system-out>
  </testcase>
</testsuite>